15
5 1
5 3
5 13
5 23
5 18
5 272
5 40
5 103
5 30
5 73
5 35
5 37
5 47
5 51
5 52
5 53
5 56
5 57
5 58
5 93
5 66
5 150
5 128
5 71
5 74
5 75
5 79
5 109
5 136
5 84
5 85
5 177
5 95
5 96
5 100
5 101
5 102
5 104
5 110
5 111
5 118
5 123
5 129
5 131
5 133
5 137
5 209
5 139
5 141
5 145
5 146
5 148
5 149
5 151
5 152
5 154
5 162
5 165
5 170
5 171
5 172
5 176
5 179
5 180
5 181
5 183
5 249
5 187
5 189
5 191
5 192
5 193
5 194
5 199
5 200
5 203
5 205
5 206
5 461
5 266
5 211
5 213
5 216
5 217
5 220
5 221
5 223
5 224
5 225
5 232
5 234
5 237
5 239
5 248
5 242
5 366
5 245
5 498
5 250
5 265
5 269
5 270
5 271
5 275
5 276
5 277
5 280
5 284
5 290
5 291
5 293
5 298
5 302
5 304
5 305
5 323
5 307
5 311
5 314
5 316
5 317
5 320
5 321
5 322
5 324
5 334
5 335
5 337
5 339
5 342
5 350
5 352
5 358
5 359
5 360
5 361
5 362
5 368
5 370
5 371
5 372
5 373
5 374
5 376
5 380
5 381
5 383
5 384
5 385
5 388
5 389
5 390
5 391
5 477
5 396
5 397
5 398
5 399
5 404
5 406
5 408
5 409
5 412
5 415
5 419
5 421
5 422
5 424
5 427
5 433
5 434
5 437
5 438
5 439
5 442
5 443
5 444
5 445
5 446
5 447
5 450
5 451
5 454
5 456
5 463
5 464
5 467
5 469
5 470
5 472
5 476
5 479
5 484
5 490
5 492
5 493
5 495
5 500
5 502
5 504
5 508
5 514
5 517
5 518
5 521
5 524
5 525
5 529
5 530
5 533
5 536
5 541
5 542
5 544
5 545
5 547
5 549
5 550
5 551
5 552
5 554
5 555
5 556
5 560
5 562
5 566
5 567
5 570
5 571
5 572
5 576
5 578
5 580
5 590
5 593
5 595
5 596
5 603
5 604
5 605
5 606
5 613
5 618
5 621
5 622
5 623
5 624
5 625
5 627
5 635
5 638
5 639
5 642
5 643
5 645
5 650
5 652
5 653
5 656
5 658
5 659
5 665
5 666
5 667
5 669
5 670
5 671
5 672
5 674
5 676
5 677
5 680
5 681
5 683
