1649
1461
1323
1262
383
424
856
137
276
1175
793
1562
1801
1560
497
977
59
1592
1765
1689
1117
1533
1319
1258
441
1943
854
209
465
655
1167
410
490
598
1274
306
829
1394
1988
1200
602
438
1313
1217
384
1362
1711
1890
391
968
401
422
1579
629
1249
350
1971
380
1226
1551
1184
1112
1305
1714
329
25
1860
1674
1283
1453
346
227
1272
297
1832
248
681
525
1669
1586
859
1598
47
547
1892
111
845
880
1901
774
1737
656
1129
1781
5
1657
831
715
109
1380
2000
1671
1146
882
408
1600
1652
271
696
305
956
351
1639
1950
1132
1332
546
1326
876
256
1852
677
1328
1363
1092
1493
366
420
112
1577
1096
175
746
1712
1741
1703
952
164
663
496
1419
1540
1368
2047
1275
1189
290
741
355
1043
1644
1030
705
2014
604
1880
951
17
1187
1629
775
1245
1640
1609
1103
46
1040
295
348
1212
464
1507
252
322
776
1136
1566
1278
2035
1183
1412
1223
439
989
1917
1466
1826
1569
935
411
27
1065
1438
171
1757
873
179
689
1094
1194
1370
751
16
445
1738
1120
1485
927
318
2030
1446
960
1199
926
634
2022
1147
484
1771
71
1733
1270
849
1853
1073
358
762
1636
365
1866
1166
1509
454
1874
897
1042
1834
195
612
500
532
544
354
376
1458
447
2036
1694
432
1635
657
1196
615
1863
487
1280
1887
1358
99
258
262
128
104
690
1606
488
1297
933
1486
1601
651
1031
503
501
18
1516
1667
1498
1942
1877
183
2013
1254
1804
31
1692
152
1633
340
957
81
1489
284
1888
800
1300
1098
1637
511
2021
1978
53
1994
1856
729
312
369
649
1027
747
861
2015
1441
631
947
139
1889
1250
924
36
1708
1552
1618
1699
499
93
15
630
575
1401
372
55
784
269
1445
244
1846
759
1544
874
1794
1681
493
75
2020
45
1767
668
1467
185
984
1621
923
1382
1388
605
1743
1570
326
1433
1848
1572
29
1241
1838
328
1506
1102
727
50
743
265
455
528
1414
142
385
1920
2003
770
816
1133
221
1066
574
1977
108
66
1534
635
1573
704
1159
1967
738
240
345
1237
830
707
992
1304
1432
650
852
96
208
788
1732
1824
1286
1831
616
1408
1710
394
35
375
106
1265
963
212
1930
814
1818
462
1107
1222
146
1805
1437
377
1012
1809
1857
664
835
837
151
1939
1055
1203
1508
251
683
818
94
1716
1870
1952
820
905
723
1284
954
327
1752
1216
1951
367
1634
722
1728
1185
339
374
812
1306
54
641
414
824
405
160
758
822
1309
1235
270
586
1116
1007
1473
1360
1990
1982
1121
996
1411
144
682
243
1505
456
1787
1357
808
1678
1755
172
1191
1705
315
811
554
1050
1772
70
1322
281
648
1316
1376
1770
1452
1134
787
1059
2016
2041
1588
1774
1488
203
250
941
1269
1089
423
919
624
1706
659
1753
58
1958
613
1784
1992
865
735
1955
1233
266
561
1571
413
964
1976
1928
1338
307
1536
1719
100
1702
597
287
1475
1415
1371
1232
703
777
357
1746
1044
427
590
518
1119
733
1968
466
220
1756
745
1900
797
1785
1205
553
594
1220
1761
1231
121
972
987
571
1097
975
2010
1219
311
52
1158
39
1748
1151
1597
1261
1806
1884
134
858
1595
1617
726
921
1833
2034
786
596
587
1454
364
1604
1229
1924
140
1607
1379
325
431
1739
671
1192
1289
580
302
84
1242
1016
545
1143
1063
347
1602
1656
1418
216
732
1424
1248
717
300
857
802
889
537
1779
1124
1519
30
1626
1455
804
13
1068
1744
1871
1747
451
1104
1155
1808
904
458
1141
981
1905
205
1893
533
1687
1593
1331
1271
896
11
1612
118
1491
1664
425
2032
1264
728
2
1816
1087
26
698
1931
647
470
249
1679
2038
149
949
1131
1946
82
1862
1099
296
1907
131
1583
1565
23
1000
1663
1962
1622
589
1296
206
1459
60
124
353
1913
1895
1613
1591
916
1039
922
1987
969
1182
2025
606
1778
1483
190
740
1858
915
368
1340
1393
864
2012
1019
1970
1292
945
196
1803
2011
1281
317
623
1126
614
130
510
1295
821
517
95
1105
898
645
1384
91
654
1749
1426
277
1969
522
1048
953
127
2044
477
983
1875
1343
435
827
1057
1403
1234
1676
1531
1859
665
1525
1929
526
382
1427
1385
1372
1399
869
1768
626
141
211
85
1377
192
214
1002
1170
851
1375
402
1926
486
619
320
1359
1814
1745
1802
234
1849
833
1963
1356
871
1347
342
691
1482
288
1034
1697
176
1093
1921
1497
506
736
609
754
186
792
247
361
1812
79
1290
2033
1861
1627
559
1038
1734
961
1421
680
1696
1726
1113
1067
1495
390
769
1959
540
783
1291
1127
1062
1651
644
807
805
264
162
1337
1392
279
1481
1240
22
558
1114
1735
1537
974
299
352
667
1933
1201
442
223
1680
1557
2009
1451
900
1580
1273
1053
819
334
1334
123
1366
505
1251
1308
1878
437
686
893
1293
1934
1029
578
187
780
1718
261
1642
1179
1476
289
1188
166
178
272
823
550
1207
1513
83
321
1894
1547
685
1517
925
1855
430
3
1448
1927
1819
1813
1405
177
476
407
688
1553
508
917
86
810
235
910
1014
148
189
744
378
2002
1996
399
1912
872
448
592
620
1972
457
931
779
1695
202
902
1742
834
710
542
1285
1796
480
519
843
253
955
523
534
737
1558
1662
739
1447
1504
1470
1367
481
967
1010
1373
2027
853
906
1083
282
521
1707
1001
1450
1439
224
1213
1472
298
1474
1720
153
817
1095
841
2004
1169
706
1960
1817
552
1279
507
1511
1623
44
1075
1157
860
1429
577
1477
1729
962
1576
495
1830
291
1542
12
753
257
19
632
803
1252
1775
1327
756
471
1492
1715
213
702
1518
120
2007
531
618
930
180
468
1690
1225
1228
608
1847
971
1975
9
459
1423
132
640
1056
194
965
1090
563
236
397
1135
570
567
1844
159
573
472
201
360
1404
1624
169
199
1736
1535
789
4
1881
990
1140
254
67
1374
1776
74
122
678
1318
373
936
539
1325
815
343
88
1897
1003
1389
1484
867
285
1555
1186
929
1766
628
1925
536
255
1413
1333
652
1564
1345
772
1197
1181
1799
1310
363
1993
1538
1091
1828
174
1873
1398
381
1287
1914
349
846
978
1879
1769
1793
275
415
278
514
1036
627
1840
1417
403
1006
795
1144
1211
6
1780
105
555
1122
1539
182
1611
535
1980
1725
1599
939
1631
158
1460
1541
1081
1018
1750
1666
1916
1071
1024
1563
1717
138
1641
1204
1823
1335
294
1530
839
1336
1397
1054
316
1431
207
371
838
1058
1317
1244
1698
828
8
725
1171
119
781
938
20
1142
711
129
2043
1026
1851
1584
1061
761
785
38
1365
453
1670
1589
1168
1494
126
421
595
697
569
1156
103
1865
660
1496
1911
97
701
1751
1350
1800
1378
1391
73
1215
913
1594
611
679
1386
1478
125
1125
1947
1465
562
771
1966
1069
1883
460
687
1842
1660
1523
1268
338
416
98
940
1209
21
1682
1648
33
1512
742
1721
1100
2005
1161
1731
708
1344
825
101
1138
692
1954
396
1529
1885
386
409
794
1276
1247
1013
1301
1935
1603
1303
1915
1464
90
1683
1198
1243
1085
1149
1195
1148
1788
1011
666
1546
210
642
1981
2001
133
1320
1922
1995
1152
1173
1515
68
1227
541
1471
600
1224
1348
950
1548
1468
28
1449
436
34
1608
662
790
388
239
903
77
791
1524
1118
1815
337
1079
1543
1361
1932
135
1685
1795
778
1596
914
1521
1989
1867
1202
245
444
1420
310
24
1587
673
891
237
1574
1342
1456
482
1522
1045
229
1165
1974
1673
1940
1352
1416
755
1646
1792
450
1616
1463
1923
1700
1108
1839
479
1080
2024
1153
767
1009
392
1953
633
1051
1501
934
1754
1713
1820
1163
1645
1937
1882
1246
1396
1346
999
2039
1983
1688
1869
1435
1545
167
1383
1503
145
920
1693
400
1647
676
332
907
1582
888
467
241
1407
1791
49
1162
986
150
1675
1625
1353
267
911
670
1672
412
516
314
231
1957
684
1949
672
1532
1172
721
217
143
720
446
557
529
1567
1655
65
879
878
1214
658
966
1266
319
583
643
1829
2008
168
344
509
1145
1339
14
768
474
233
588
1208
1341
868
1790
1723
694
832
1568
2029
330
41
847
485
155
107
1017
246
2019
1514
1902
1610
617
1221
1638
1076
1628
1938
693
461
556
2042
324
1154
1850
1077
1782
1028
1046
452
379
1903
887
593
1086
579
170
1400
341
1965
1180
1064
1178
1941
582
1238
2006
724
637
110
200
1025
2031
946
1436
335
959
1868
1193
43
943
1490
238
1294
998
1033
1661
304
395
1052
796
1307
581
842
895
610
1311
1469
979
1985
1559
78
1440
473
1387
1886
1760
242
1730
638
901
782
419
1773
757
1581
418
1554
928
1422
1084
840
1654
356
1585
51
92
766
646
863
836
10
309
226
1174
157
64
1434
389
958
718
520
1442
625
2040
912
1837
813
716
1841
1351
1854
866
548
1659
948
798
885
323
1845
1074
1315
1653
515
1684
165
1239
286
1630
1330
1444
32
181
848
908
449
1115
61
1964
603
994
56
491
1277
1789
855
1677
1620
1658
387
1260
215
1526
259
551
1111
102
572
115
1898
1355
426
1643
862
942
1176
1428
1314
440
232
406
1891
621
937
1324
1619
714
303
899
1797
870
1032
1822
7
894
433
147
1088
313
750
530
976
463
669
193
1109
1510
62
801
1479
274
1864
512
417
1605
1740
1764
731
475
674
504
197
136
1759
308
1402
469
591
997
1037
163
228
1908
1956
1110
273
173
1137
72
1835
1005
980
622
764
1899
1632
263
1457
1487
890
639
1686
1786
429
1230
576
1821
1762
2017
69
1302
918
393
1164
513
1948
1763
1369
80
1106
1999
1807
1210
301
1709
881
1783
1665
734
494
116
1257
1020
1561
886
1410
428
156
1520
280
333
492
1991
1961
970
1409
1160
995
892
565
1825
1190
1288
1724
184
1364
1777
370
218
1004
1936
1298
993
2028
564
2046
489
932
1349
1072
1827
1101
331
1918
850
1500
875
988
1259
434
2045
1499
63
1321
222
1329
826
1082
1876
884
982
191
398
57
478
699
844
2018
40
1177
763
1354
1130
944
1041
1575
1381
1944
1299
1395
661
1255
719
1023
636
1704
1909
1945
560
48
700
204
1312
1550
1722
991
362
585
76
709
1443
695
404
543
113
1614
1282
1049
188
584
765
973
1021
1218
1253
87
359
219
1390
1549
1556
1810
549
154
601
1998
985
336
1406
1836
1015
806
1035
1502
1727
799
1236
498
712
713
752
877
2023
1008
1256
527
1919
1578
653
809
1430
1123
538
502
1263
773
1528
1480
1872
1984
1904
1973
748
1668
1798
117
293
607
1206
1070
42
2026
566
1701
675
1615
268
909
1060
1986
89
225
1022
230
1758
1047
1078
1150
760
1590
37
1128
161
1979
1527
114
198
883
1910
1425
1811
1650
1267
483
599
730
283
1691
1906
568
2037
524
1139
1997
443
749
1462
292
260
1896
1843
1
