Polygon
0.0 0
0.0 0.7
0.7 0.7
0.7 0
...
Polygon
1.0 0
1.0 0.7
1.7 0.7
1.7 0
...
Polygon
0.0 1
0.0 1.7
2.7 1.7
2.7 1
...
Polygon
3.0 0
3.0 0.7
3.7 0.7
3.7 0
...
Polygon
4.0 0
4.0 0.7
4.7 0.7
4.7 0
...
Polygon
3.0 1
3.0 1.7
5.7 1.7
5.7 1
...
Polygon
6.0 0
6.0 0.7
6.7 0.7
6.7 0
...
Polygon
7.0 0
7.0 0.7
7.7 0.7
7.7 0
...
Polygon
0.0 2
0.0 2.7
8.7 2.7
8.7 2
...
Polygon
9.0 0
9.0 0.7
9.7 0.7
9.7 0
...
Polygon
10.0 0
10.0 0.7
10.7 0.7
10.7 0
...
Polygon
9.0 1
9.0 1.7
11.7 1.7
11.7 1
...
Polygon
12.0 0
12.0 0.7
12.7 0.7
12.7 0
...
Polygon
13.0 0
13.0 0.7
13.7 0.7
13.7 0
...
Polygon
12.0 1
12.0 1.7
14.7 1.7
14.7 1
...
Polygon
15.0 0
15.0 0.7
15.7 0.7
15.7 0
...
Polygon
16.0 0
16.0 0.7
16.7 0.7
16.7 0
...
Polygon
9.0 2
9.0 2.7
17.7 2.7
17.7 2
...
Polygon
18.0 0
18.0 0.7
18.7 0.7
18.7 0
...
Polygon
19.0 0
19.0 0.7
19.7 0.7
19.7 0
...
Polygon
18.0 1
18.0 1.7
20.7 1.7
20.7 1
...
Polygon
21.0 0
21.0 0.7
21.7 0.7
21.7 0
...
Polygon
22.0 0
22.0 0.7
22.7 0.7
22.7 0
...
Polygon
21.0 1
21.0 1.7
23.7 1.7
23.7 1
...
Polygon
24.0 0
24.0 0.7
24.7 0.7
24.7 0
...
Polygon
25.0 0
25.0 0.7
25.7 0.7
25.7 0
...
Polygon
-0.0 3
0.0 3.7
26.7 3.7
26.7 3
...
Polygon
27.0 0
27.0 0.7
27.7 0.7
27.7 0
...
Polygon
28.0 0
28.0 0.7
28.7 0.7
28.7 0
...
Polygon
27.0 1
27.0 1.7
29.7 1.7
29.7 1
...
Polygon
30.0 0
30.0 0.7
30.7 0.7
30.7 0
...
Polygon
31.0 0
31.0 0.7
31.7 0.7
31.7 0
...
