129
29
2698
123
3506
2205
379
7745
8714
4605
9496
1270
3502
4609
5706
1663
9171
9415
4400
9152
3320
6812
1076
9460
3980
6416
4440
548
4457
9392
8418
7355
504
1526
1883
2772
9203
970
697
1437
7896
9310
1793
4391
7540
481
3569
8381
1732
4854
4297
7004
3300
7909
7088
401
953
910
2016
514
3544
6448
9765
6048
1739
7467
3628
9219
2032
2141
1028
4082
5773
6295
600
8705
9658
4953
1968
2039
4704
8247
4276
3072
1519
362
5514
9154
6047
514
4134
7883
3796
5398
6924
8984
4352
8519
3748
8168
7185
7294
9616
3196
1095
6449
5601
3970
3724
6686
656
2969
9776
9041
6642
4773
4265
1483
393
7981
9940
3314
5697
1062
2373
5175
1383
5240
7758
5711
8748
950
2047
6856
1282
9367
5634
5145
4778
2900
1340
4532
5816
373
1141
4459
4746
6324
8768
9293
9466
1545
4416
429
6796
9375
8641
1040
8525
2299
39
4707
9824
5302
4714
8535
6509
1737
2696
3838
2942
7390
336
9594
8794
2767
5218
5648
457
4160
205
9045
8026
207
4697
278
5276
9580
2508
8127
5340
5545
9804
197
1170
9680
1299
9046
5473
1491
4247
5759
543
3325
1126
3589
7712
5110
1090
6350
5251
2465
250
3031
9681
8327
562
5628
2075
9345
7873
5556
6515
3176
2974
7669
582
9178
6334
8850
1200
6671
707
3515
959
5419
757
4504
4512
825
7737
3188
257
5222
8448
2099
4511
3138
3799
3649
4274
1158
6893
206
1438
5947
3728
5435
6917
4357
7799
9238
3060
9582
9627
7344
2684
9412
1350
8471
8630
4475
6978
1698
2559
6310
4380
491
9174
7415
927
6095
2976
6550
5212
2119
7342
6601
4212
2192
4911
9830
5540
2719
8763
5360
1042
7817
6777
4780
4246
1649
6580
2578
7587
8784
2017
2287
16
3107
6491
2123
7507
5416
9692
7272
5879
7606
8651
3558
2177
960
4194
4765
1674
2502
2757
9241
4920
9752
3013
923
9441
6496
3547
4252
181
3883
1776
5891
3643
4496
3778
9424
2448
8343
3015
2705
2163
3911
2525
7583
353
6619
3346
6400
3979
2960
344
9060
246
4019
9987
9938
8400
8421
1055
2746
3775
8048
6072
2144
2703
5324
5653
9586
4784
6827
9149
5544
6366
3966
2123
8041
2504
1857
2044
8968
7067
8142
9044
7392
4010
7483
2453
6000
9043
6629
3229
4184
6224
7953
2980
5691
9042
4925
7840
5786
5169
1024
9055
8600
6553
4071
1035
6867
2895
638
2082
5458
5339
2541
3443
3197
3566
3555
4436
3814
2092
3784
7529
3184
9447
4957
6807
6215
1197
4898
8313
3748
3368
7180
3396
7748
3065
2688
316
8224
8765
6814
3857
6649
9148
4375
404
5267
5376
8617
6239
8026
3844
8893
7889
7330
9322
6615
3481
8735
960
5283
5261
7407
7959
5918
6014
9869
7586
754
2647
8332
4538
3259
1474
3982
1365
6316
9406
6531
6227
8642
4194
1015
9173
5147
7329
3809
7285
6960
6056
1124
1356
6012
6415
444
3536
8370
7957
5103
7160
1876
392
8849
3287
2482
2471
7346
208
1789
9117
5949
4867
26
6593
4626
6300
268
9836
5595
9644
9942
2874
4598
3504
879
346
9771
2255
7519
9064
9036
8908
2571
5588
4310
3389
4825
147
4664
6044
1284
9596
4072
4372
8488
3681
5048
6323
8260
7361
1209
7979
7136
5293
3119
3613
8436
7444
9797
5495
1706
6312
9118
118
5417
8446
62
5730
2429
1813
3435
8044
886
6704
4456
1508
3256
1818
1210
5804
5303
8289
1003
8459
5544
3788
7065
8734
2508
890
8291
7574
8965
2892
1111
8432
8269
1218
2629
4718
4169
8420
7799
9133
3530
4352
8686
4263
3627
5789
1969
5540
3976
4012
6824
3366
6277
4731
8320
5695
8929
3451
5960
7254
548
9502
2236
3515
729
5315
257
2138
2259
9299
2927
7425
9184
6903
2339
5330
33
82
8784
7195
6819
5506
2162
5284
5553
8517
7128
3352
8988
6591
7692
2904
5845
747
7582
8403
1496
7257
9081
9656
2607
1516
9315
477
3542
3767
7030
3079
4698
6124
2857
1671
352
9872
4116
8348
759
9521
848
7529
176
56
7031
6991
4351
9712
539
2057
8470
8550
7479
2996
8474
5423
3433
4543
1798
8899
4723
4397
8971
7883
6844
7316
8914
5703
4579
7088
2560
7339
3536
5563
4998
7499
1382
8980
7416
6343
4111
1968
9814
7492
8004
4696
3745
9936
5596
1491
7537
3998
7852
8353
9139
6499
8671
6146
5434
4858
2633
3024
9876
6353
56
283
9630
4589
6721
8985
5008
9502
9777
3052
3209
9864
239
9
8101
2368
632
7953
2878
841
8929
668
8815
6229
5767
2529
9532
2310
8796
6261
5376
9984
8843
369
232
8888
9251
6813
6784
4581
2254
2684
1673
7881
2204
2943
4757
6509
4731
8921
4059
163
5059
4527
2617
8258
9150
9168
1186
6904
4168
9320
8547
7688
528
5815
7550
5774
8835
2280
531
3447
3755
8541
8555
810
3468
4087
20
7169
5715
6851
7132
2181
4516
1938
6189
336
1930
4552
8692
3133
1192
6464
4939
121
2137
4256
1321
4884
46
1455
5446
799
4296
5853
3739
9365
568
7520
1136
1459
8460
13
5778
5496
1571
652
81
3056
891
498
6783
4919
6408
816
1393
8766
8862
7036
6172
8850
2613
9720
9301
6028
2859
7680
8129
8089
3785
4789
6653
3103
7289
2328
9209
3683
4944
7217
7082
1691
5946
4236
3387
8297
868
3668
4677
5792
6333
5406
7958
9669
3997
1423
3692
6772
9791
9955
6095
3247
5749
1196
6522
4737
6599
2061
3798
9299
1873
5701
3098
5295
7824
7317
9665
2676
1330
8073
4005
6970
208
4744
9008
7999
5596
2648
672
3530
2832
4804
2300
898
7476
1104
128
333
7063
907
1265
9023
6320
4101
7677
7202
1011
7338
8219
718
1648
5686
7223
7072
9456
80
2262
6448
6211
4367
2496
359
9714
5767
650
9496
7577
7066
1089
9355
6961
6308
5876
1310
799
