1034
3494
4339
7390
9134
5808
6859
4229
6156
3296
761
2926
9063
6300
2478
5370
3163
9124
890
7895
1013
5709
5556
6839
3616
9486
9600
2671
9184
2937
1719
4224
8630
8052
9014
4524
5664
2481
7692
3488
8383
6378
2260
5878
8753
2316
623
451
9494
6335
8514
9582
4688
2632
9184
7752
7501
6568
9938
5476
1025
5616
4668
4141
5245
6342
7684
8878
7625
6196
6195
4781
8772
2731
6741
9797
5095
4408
947
8105
8102
8726
7577
3960
3158
5463
4873
3853
1574
8266
650
4940
9905
9915
5239
2503
1810
2121
9933
7636
8894
7335
5440
8800
2175
4136
2480
7910
8889
4493
9693
3504
6580
6029
3040
7947
9783
8828
5965
6888
6256
49
8515
6234
3381
1400
2592
1169
2852
4128
8084
3300
5024
3657
521
5975
7900
7016
3870
2245
260
2915
5540
5477
9610
1595
2707
6802
3648
1127
3436
7735
9857
7256
7466
8760
5240
8578
5746
9894
6998
8123
7920
898
4134
9681
6738
2903
3080
284
7451
6700
6192
5159
7432
6763
4539
9883
9013
7730
311
2786
3965
7153
6304
364
2153
7904
7236
64
1095
9129
2708
3138
1969
2151
149
1390
269
9408
5972
4237
5516
1047
9590
4012
5896
6559
5801
5389
8694
2736
3156
8418
4821
5379
6032
3697
6007
582
1831
384
673
2369
3067
8222
9817
7588
7226
5210
4331
6102
348
6123
1806
2854
8434
4622
5831
2970
3810
6500
4173
3805
8016
8688
1076
1552
7600
9360
32
8296
4038
4166
9293
9343
916
7791
4864
2008
6701
3976
2720
8694
9102
3349
4911
4638
7054
572
9868
9187
8743
4819
8195
2953
5212
2357
2965
370
9904
7648
2995
3152
5393
3671
3885
1994
2490
9384
3723
613
1872
4651
2027
8912
9500
9083
298
7281
2439
265
2253
9491
8730
4151
8911
5336
2373
6477
8746
3112
9583
3098
343
6393
2422
5818
1194
789
6082
3661
1799
1145
5694
1792
454
7721
9865
7102
5672
6422
7951
9286
2878
2083
6528
3900
5770
93
1998
4037
68
7176
1963
3059
782
5053
5789
1229
6695
7461
3065
4002
6544
5499
4010
6427
9195
7008
2790
2281
7819
2384
4336
3746
5644
9415
22
8018
3264
8379
173
3047
2317
3560
7996
9977
9987
2608
7712
6124
9865
1966
8197
3423
1707
7251
5340
8236
8664
286
9633
434
2538
9674
1150
8648
5712
4141
8533
468
6702
9102
8534
8119
8712
5136
1627
5879
8333
3840
3842
8964
609
6432
4436
6899
742
1268
5145
176
9101
6937
1971
3649
6976
1605
7966
1951
8064
4994
4386
6510
554
1804
4349
1112
9217
6976
7900
9288
7473
3168
5804
5563
514
2784
2410
3544
269
9146
3925
2957
6953
1145
9747
6315
1488
5197
3139
4056
4160
1522
9775
9336
1044
9545
3324
3303
3217
1553
867
1609
9996
5161
4600
5458
1235
8495
7905
136
6510
9824
137
8013
4414
2947
4884
2484
4015
6693
6209
6618
6625
41
3989
7209
1415
5107
5394
1907
1262
1108
4619
1285
9085
5194
9871
9673
7273
2902
1384
1602
9932
9272
517
2720
8624
9548
1161
5291
5273
7921
7790
3132
6495
1885
6758
4525
378
7233
1325
3191
4145
4063
8251
4411
5663
4683
1044
2220
6516
1863
2896
3827
5256
1536
7459
8576
87
7734
7549
9108
9050
2612
2815
6818
537
7027
1099
3996
5995
149
6234
5473
1732
3971
8239
1026
3464
2451
7389
4018
5248
4656
3572
1552
6498
8676
192
8758
8957
248
1524
268
3461
5124
9096
4761
854
4560
5742
8984
1661
9941
6416
6875
4341
1821
9146
1112
6192
9448
8240
9171
8065
3295
3470
7936
1480
9690
2817
6622
3299
5380
2364
943
8598
4390
3914
6083
4552
13
9547
2292
6505
3863
9366
9382
6510
316
7327
2628
641
3507
3232
5833
2640
4779
5777
32
9484
389
625
7300
5563
2356
8171
4594
1730
7449
1205
1770
484
9029
9897
8896
3144
7684
2011
1326
7696
990
3782
6211
4243
8763
8287
8285
893
3891
5812
5392
7934
1628
3287
5790
5651
9998
6559
3712
9115
520
8624
8686
8640
2872
6931
7507
2746
2304
8469
7587
3282
5543
4006
968
3668
933
3764
6802
6224
1920
4792
1040
4152
1810
9672
3469
9098
312
1704
9584
6540
6146
5268
1533
4064
1403
3839
8914
7086
7672
1929
3398
2443
6136
1104
3788
3538
7744
4869
2895
7214
8530
4571
1986
7344
5644
321
6326
8815
7132
9149
3312
9281
6744
2470
4298
7132
9960
3658
847
5986
6845
5094
9739
8292
8313
287
7827
4916
813
9834
4261
7215
9102
6059
351
5563
1668
3056
5320
81
5955
4770
3198
487
5676
6669
4976
7754
112
342
8553
5024
9670
8128
6698
6881
4928
7617
5744
822
518
5546
7955
6148
5490
5756
4256
6055
4502
120
3948
4619
9015
3224
8011
7943
1440
9114
7065
333
7875
8415
1845
1402
9043
9301
212
2513
5432
2610
6081
9800
1502
7734
7829
1134
8984
8259
8037
5052
7449
1882
3763
3304
1064
5232
7964
7782
435
1165
3769
1251
7542
7257
2686
9536
8370
428
1979
2236
3249
354
2138
9184
7996
1989
5101
3752
2273
8353
9403
7649
3184
4044
2576
4293
9910
7050
3026
7721
8565
8693
5728
6537
9505
1791
2476
326
4546
1104
3496
4528
8220
9630
5628
7630
6391
7750
6754
49
7963
9871
2024
1256
6622
7431
5970
402
9606
6589
6693
9992
5324
2680
2392
1469
4968
3352
8157
1507
7915
2877
8780
5529
4810
6576
3529
5538
866
8310
8366
3438
1342
2089
492
2928
1270
330
5542
2986
9616
756
2015
1562
3427
4858
5426
3293
383
4148
2660
4432
9177
1665
9163
8838
594
3946
5314
1730
5551
1616
5491
7499
7175
5290
6189
4075
9887
2534
5129
9695
1934
956
9154
8809
2952
9960
1906
5501
6791
3325
8500
9584
3145
5812
8125
1045
3746
6745
5403
4854
699
847
9587
3234
2793
2333
2887
6953
7958
9504
4580
7305
9589
