2424098
2924326
2219710
1822147
1946189
1833595
2490194
2983539
2485755
2876047
2517208
1825680
1710641
2269813
2499211
2636557
3170183
1948782
2569167
2492145
2503547
2598414
2187473
3077826
1762971
2612482
2501046
2990082
1806352
2554701
2504276
2702240
2399605
2490850
2707310
2141841
1744173
2278575
2299717
2300669
2766429
1920631
2528559
2644472
2522187
2362977
2126488
2043583
2638210
2692870
2239131
1775985
2777014
2377218
2071132
2124497
2514663
1821676
2123800
2119220
2458399
1843957
2162079
3168020
2510179
2813010
2057187
2325470
1809676
2709497
2012140
2554714
1726533
2074046
2679549
2867451
2434378
1686660
1971041
1892208
2501462
2300891
2210450
2406366
3134755
2370653
2065341
2918956
2838476
1984624
1767549
1968995
2469486
2669846
2441602
1700431
2446455
2594428
2723863
1701366
1997489
2058946
2184744
2766948
2653568
2774224
2694445
2362038
2435980
1956885
1875732
2372073
2304944
2573358
2080247
2561385
2453794
2259506
2005906
2488298
2127133
2659452
2897116
1684357
2323352
2459024
2573674
3250825
2528623
1977583
2055306
1994634
2019175
2901067
2454462
1949541
1737092
1781134
2804570
2563389
2201301
2324986
1774334
2165210
2870525
2689720
2098731
1837200
2308037
2596213
2014430
2839082
1896736
2227828
2401597
1805677
2873463
2612446
2475148
2962435
2546575
1675938
1937293
2360432
1816694
2610503
2800946
3083291
2764007
1867009
2286904
2717246
1870964
2545219
2511695
2361262
1930111
1699479
1876144
2073727
3274276
2484116
2142025
2692438
2701770
1881549
1945593
2884491
2406880
2666773
2078404
2458725
2043855
2254089
2804794
2065295
2007405
2868390
1995595
2472230
2785396
1898924
2601482
2212002
2747033
2567110
2699885
2449961
2385517
2594718
1898802
2729544
3151792
1835484
2360133
1925743
2192918
2524012
2396621
2380317
2294514
2440972
2152008
2654746
2016430
1901862
1825419
2583451
2002446
2289201
1700053
2795638
1962267
2271449
1872127
2578142
1859562
2657610
1899812
2082663
2556248
2848476
2020943
1811911
1961863
2226507
2544845
2628733
2341015
1844271
2389022
2268973
2686194
2065620
1801275
2118810
1790133
2007955
2513144
2581388
2450654
2738504
2497232
2471813
2245666
3010719
1864522
2338132
3080420
2017838
1982791
1915415
2973165
2732233
2261724
2265898
2617346
2289337
1742374
1878431
2425275
1772638
2877083
2664994
2199249
2172667
2685646
2086416
1820811
2357311
1919004
2917703
1936588
1853810
2650793
2052515
2166439
2945570
2118696
2847650
2474865
2166082
3006599
3104264
3102211
2544672
1896577
2408453
2292525
2052654
2195973
2530091
2675836
2794378
2379408
1772268
2214526
2404941
2692029
3005538
2011172
2769719
2746528
1746338
2604072
2530155
2015870
1804316
1890510
2634541
2200663
2091395
2697997
1812197
2477085
1796330
2006829
2806578
1847884
2621019
2531969
2478572
2660841
3049963
2654070
2004390
2186456
2213039
2875078
2045143
2179158
1686140
2295220
2580783
2562119
2341509
1803211
2257784
2767178
2406319
2839555
1679712
2726070
2613049
2063613
1777857
2075686
2667785
2634155
1816765
2651196
1681420
2229201
2024318
2043498
2472637
2629236
2947372
2610929
2740322
3045530
2640791
3019150
1949897
2482778
3123930
2663705
2264907
2320423
2558105
2462954
2258141
2116127
2765342
2112622
2634978
1922281
2023049
2221839
1926571
1832327
2942206
2274179
2282996
2019452
2552811
2564932
2971417
1808652
2240830
2003131
2546828
1802578
1858115
2934206
2640342
2547541
2069471
2016593
2569155
2667811
2345888
1863887
2480436
2556695
2500191
2568909
1994127
2304518
1809999
1750190
2794382
2666428
1719785
2476708
2558923
2923145
2357132
2508996
1922217
2959994
2454541
1710348
2668982
2037006
1839386
2095351
1965117
2936054
2438340
2480049
2296478
1971113
2633530
2355492
2267630
2022140
2697792
2917472
1821842
2065922
2654900
2646467
3298340
2094344
2270321
2266341
1833697
3021896
2088348
2695959
2745707
2397079
2171681
2076097
1837502
2274128
2419191
2590474
2623034
2067164
1757054
2503173
2703496
2953497
2780584
2634273
2390949
2975398
1820376
1810713
2235734
1720257
2603876
2362470
2339155
1992098
1832413
2334114
1958020
2042115
2466840
1935936
1675683
2681318
2498058
2323052
2514787
2325754
2704959
2157672
2630503
2113786
2478540
1712084
2028366
1702410
1997879
2582785
2587413
1953916
1979825
2569449
2358766
2861881
2170006
2146614
1990022
2186207
2614219
2574579
2125986
3114260
1857372
2455339
2569489
2362733
2085939
2261533
2618204
1974948
2663084
2215373
2153286
2438863
1916659
2022447
2731017
2065898
1887633
2397690
1709910
2956277
2875553
2251431
2472602
3004864
2214809
1779176
2405038
2736454
1733717
1732151
2363582
2399521
1852572
2497843
2206409
1809305
2021565
1788179
2639230
2471351
2408054
2652541
1726838
1978230
1883334
2638488
1736898
2193964
2351521
1833092
1750149
2754183
2833582
2666159
2629868
1738885
2679239
2085045
2963543
1783248
2527767
2311798
1966600
2392355
2681324
2385728
2170109
1951465
3086094
3087150
2689928
2451766
2376234
2984262
2650050
2529282
2259219
1905795
2645735
2406303
2567534
2434917
2388238
2127479
1727033
2457389
2431004
2012224
2039843
2798863
2663134
1784185
2082369
2815200
2409157
3077871
2368226
2663288
2770501
2879997
1896837
2454055
2216793
2744404
2737490
1726475
2419626
2428736
2603621
1992777
2107101
2587185
2708817
2797957
2002557
2578797
2540767
1752441
2748728
2432309
2761014
1789312
1892317
2550721
2071455
1804547
2697213
2774376
2350647
1797688
3109912
1672803
2178966
2089624
2576492
2747076
3122214
1679485
2274545
2563362
1703179
2524204
2121131
2738090
1970545
2588122
1992064
2765852
2727478
2523598
2413659
2317092
2516659
1983550
1799280
2664019
1940582
2589656
2056855
1824567
3017077
1949436
2757963
2854638
1783714
2550066
2440956
2332958
2375047
1686059
1705335
1951548
2375970
1938644
2844681
2667466
2183140
3012520
1894081
2517906
2732981
1917912
2325371
2681713
2596335
2372957
2746466
2384582
2421330
2371357
2620765
2269324
1961133
1910313
1883691
2640057
2665079
2541923
2645236
2391214
1949903
2409330
2539164
2028127
2650690
1769698
1993291
2263069
2484590
2479633
1769126
2536223
2722189
2853266
2177796
2491918
2001212
2663364
2376351
2104248
2653824
3186913
2130699
1888244
2107430
2519000
2638548
2463264
2777345
2329677
2159243
1685356
3238330
3146844
2424031
2792479
2817712
2409265
1744398
2322223
2329144
1932301
2123695
1844379
2264626
2193857
2479200
2797023
1992488
2707018
2532497
3300463
3213113
2805502
2667489
2764756
2267564
2376647
2363575
2593086
2580938
2537923
1880017
2590259
1691549
2104317
2724390
2057228
2210697
2156005
1910775
1886605
2256166
2336977
2071715
3005529
2471591
2130676
2232889
2864008
1758086
2120033
2455836
2822508
2445639
2586504
2247927
2105718
2558749
1774780
2877970
2157066
2567844
1967443
1887779
2725139
2335173
2570639
2972420
2494236
2619412
2529924
2167010
2247244
2255427
2955569
1705586
2253221
1917653
2073265
2393847
2018618
2619676
1790378
1968150
2504181
1736679
2457658
2602377
2292617
2393807
2700235
2543935
1728348
2878498
3013489
2213981
2085445
2395015
2313036
2356721
2507360
2365758
2709449
1710103
1702457
1719774
2267554
1865473
2104128
2253966
2913688
1990259
2126102
2496913
2498987
2481258
2742486
2354398
2764997
2876868
1824158
2315037
1848590
2030254
2094154
1897971
1858889
1754757
1956859
1898982
1970011
1746249
2316927
1919038
2290890
1944196
2665322
2272685
2338784
2198521
2676209
2389157
2470824
2731708
2339625
2011484
3019629
2033757
2311027
2468382
2195588
2678443
2543873
2820184
2743576
3078855
2409459
2760896
2174903
2749358
2387172
2439842
2585674
2161772
2279462
1846083
2467410
2072037
2190981
2937868
2622529
2601657
2175830
2892501
2043881
2771848
2299405
1973773
2557475
1826379
2090612
1890209
3027604
1786301
2836856
2296732
2615458
2018151
2565669
2102269
2317357
1801192
1783485
2655998
1851367
2494817
2483219
2385087
2812882
2381106
2406164
1712842
2985596
2529976
2318404
2005220
1788631
2447356
2081080
2047739
2390860
2001091
2120242
1928673
2195087
2420548
1909493
2610530
1980555
1889541
2223707
2113970
2368753
2530207
2515502
2756338
2466894
1982885
1826349
1753641
2243558
2258566
3063479
1834546
2070063
2540250
1890226
2440398
2371545
2683360
1988827
2632436
1691924
1905184
1697459
1845011
2077833
2557629
2306326
2480257
2728696
2828673
2004881
2713510
2526706
2134334
2010635
2114957
2648535
2881091
2379067
1989895
2452928
2563595
2528418
2498079
2319070
2401272
2044120
2340873
2693558
2765019
1711126
2037009
2647591
2300086
2456007
2572876
2437032
2881221
2003047
2146059
2159800
1729120
1969216
2482208
2191541
2572155
2676211
1711164
2449003
2068708
2081498
1733533
2264480
2074621
2276002
2535552
2195328
1708992
2563648
2636639
2207850
1732265
2498396
2777034
3196086
2783856
2096366
2127466
2260668
2566192
2089981
2364746
2525479
2092271
1752985
2681157
2949925
2685617
2117445
1912324
1889456
2560712
3128691
1845727
2600470
2015280
1975272
1707804
1932039
2477190
1963264
1828816
2398071
2336527
2450091
3215224
2129603
1681619
2312796
2757094
2680563
2687155
2906551
2873425
3181212
2578629
2606486
2599933
1919227
1821416
2258347
1862735
2626545
3207597
2295247
1930947
2452357
2354526
2618210
2538133
2810946
1779393
2127864
2480779
2481255
2515842
2431386
2152148
2609466
2488211
2088461
2192759
2754045
2584853
2603293
1836334
1746629
2193773
1890492
2727649
1850457
2047115
2412622
2418023
2778594
2155746
2132917
2604302
2138314
1714046
2617572
2022477
2678222
2596067
2211617
2810687
2725505
2596170
3145363
2477080
2214773
2036816
2050245
2063219
2091342
2049503
2669243
1949154
2093722
2100521
2218249
2142293
1908754
2169454
1871723
1776582
2232138
2318037
2981793
2722612
2525778
1926207
2877828
2285961
2433170
1778471
1697509
2653956
1725733
1999780
2276802
2058568
2476682
2761627
1722973
1984069
1836521
2435629
2569803
2848281
1769594
2092769
1831879
3182074
2482920
2436256
2072259
2211914
1796978
2358610
2704676
2381279
1695347
2643122
1956876
2501472
3135159
2395537
3055560
2486527
1953234
2888964
2181872
2597126
2106756
2951154
2008889
2208962
2660216
1688970
2951629
1681465
1840951
1754756
2940300
2070737
1676303
1949141
1767880
2301899
2285533
2711607
2954947
2287471
2485820
1694730
2182466
1751969
2157748
2245106
1680229
1693445
2543880
2403369
2723309
2375956
2181204
2663418
1965822
2097994
1755004
2860287
2272435
2361882
2380780
2635854
2402505
2567988
2314658
2609088
2044265
2854683
2546611
2856661
2737923
2839893
2637292
2359877
2332656
2945733
2294687
2755989
1935280
2335500
2141460
1757268
2599466
1687691
2456865
1880324
1720992
2321906
2583616
2114978
2375341
1854656
1892377
2091548
2042933
2857427
1951641
1925758
2384420
2164573
1765892
1727630
2214112
1720218
1762341
1851956
2364903
2459810
2189622
2778472
1850353
1925434
2716240
2496608
2402096
2791792
1941536
1796938
2570742
2102983
2725281
2916119
2242090
2106091
2045687
2600013
2844682
2116947
2716136
2496917
2663162
2897621
1742107
3010529
2129969
2801713
1937206
1982609
2259086
2665065
2114421
2142346
2617565
3070402
2287579
1797187
2495913
2235345
1725429
2536725
2365321
2444088
1873103
2660569
2149230
2246874
3326868
2391591
3017390
2660888
2253213
2633450
2993868
2452865
2369047
1743380
2089313
2645772
2335181
2804068
2741912
2898009
3120480
2257920
1815636
1714700
1803745
2383171
2787207
2540509
2211329
2270672
2384957
2970997
1752861
2579606
1936788
2082930
2614060
2583905
1822059
2112453
2360177
2820212
2992205
2257739
1953932
2062522
2898992
2227350
2533784
1681439
2398410
2893426
1877125
2581059
2329700
2607830
2812832
2829070
2483776
2617474
1819264
2776122
1765555
2604787
2491982
1826254
2278592
2592401
2382339
2047025
2596326
2734514
2425702
2116206
1703071
2121646
2026057
2208181
2465711
2513138
2043076
2503164
2518674
2646885
1877468
2011490
2517922
1995306
2435649
2576794
2493246
2097392
2598113
1737860
2713881
2200198
2594629
1979148
2445052
2682573
2483222
2179284
2163155
1913992
2214085
2186961
2305518
2003013
2699910
2464463
1883970
2554594
2405399
1937910
2544130
2108482
2852695
2370617
1679885
1964669
2578782
1949723
2462156
2545332
2790877
2391994
2133310
1846080
2582935
2291512
2336729
2735948
1766268
2701376
1911274
2520330
2990122
2408666
2850322
2490951
1751222
2876314
2619621
2249849
2585148
2070782
2619049
2128834
2307519
2849018
2639522
2311315
1799828
2309081
3009316
2504051
1722716
1848290
2564848
1737637
2462830
2648411
2649168
2365188
2117797
1977824
2097015
2665226
2787176
1785047
2703502
2539247
2137274
2564723
2415715
2132208
2638167
1827719
3213780
1734354
2590843
1811339
2190907
2475333
2301415
2868422
1839792
2016759
1748562
1843105
2537305
2093548
2830971
1933836
2328816
2133754
2410875
2566143
1914522
2839852
3050858
2197821
2890371
2474409
1769474
1748521
2827597
2239094
2191756
2423123
2339607
2734689
1981915
2268740
2499193
2808438
2233263
2740482
2580745
2509386
1720401
2220988
2366950
2035563
2637319
2801892
2661679
2757702
3088257
2869857
2490059
3100766
2645021
1766492
2892623
2442983
2124420
2469434
2006163
2569810
2133553
2847057
2231505
1807463
2986072
1993954
1708050
2359974
2361873
2732522
1940515
2028985
2198561
1965954
2097288
2383664
2575514
3109703
2524481
2573488
2354043
2260513
2575061
1866342
2653488
1792196
2397700
2164234
2344844
2109744
1704862
2653342
2780688
2610895
1762387
2190449
2569802
1986291
2617962
2338363
2036720
1857605
3167281
2617745
2503867
3135155
2557111
1719377
2065722
1967764
2225336
2901655
2673697
1870441
1985152
2386791
3035923
2964002
2408768
2600787
2499082
2795238
2557773
2489975
2570877
1951850
2282412
2304288
2641864
1832045
2049620
2274056
2786880
2474946
1815400
2265327
1964158
1737982
2545261
2072756
2955897
2218278
2357106
2308454
1866090
2107310
1893219
2283925
2703217
2381587
2517273
2896763
1694515
2438731
2320462
1813109
1981686
1684340
2071270
2733722
2237102
2190743
2703949
2796523
1687146
2833236
2707941
2334495
2263337
1735552
1965137
1910848
1795542
2325680
2647408
2364630
2557214
2333857
2378098
2001560
2252593
1676932
2608560
2499980
2142042
2310702
2130479
2458133
2787080
2835404
2234587
2405723
2143780
2406612
1939031
1810926
3111200
1955200
1835961
2117560
2670288
1744101
2161393
1736695
1970735
2554784
1707793
1674754
2299095
3023069
2477260
2724010
2437804
2494354
2576574
3138288
1944368
2835296
1958892
2011789
2069932
2709186
3101760
1954051
2306405
2282968
2675154
2396737
2924996
1849504
2623827
2452147
2000865
2384260
2508498
2135776
1699754
1782046
1893840
2895516
2621962
1793993
2486012
2092505
3014634
2273037
2808382
2317748
2157707
2553858
1686846
1809048
2594786
2016790
1831302
2443527
2318918
2211148
1771645
2126640
2709176
1973684
2467637
1991164
2097425
1906224
2362258
2036020
2663383
2001702
1973906
2184799
1933573
3154146
2075730
2307283
1703632
2318376
2669774
1711763
1839366
1781665
2563525
2010689
2609794
2686458
2790218
1881814
2031107
2864949
2146520
2439159
2448583
1863104
2550550
2409418
1833451
2996617
3210013
2111074
2468998
2535420
2271120
1843293
2067238
2710139
2250975
1800206
2352839
2624790
2015009
2352086
2636041
2356937
2468992
2859330
2382927
2705021
2022206
2641331
1688800
1762331
2145932
2862175
2770675
2276081
2484088
2044870
2529517
2931208
2032314
2519313
2321569
2114851
2619611
2413903
1841998
1851178
3094947
1885575
2622755
1946540
2146555
1672897
2789237
2465742
2731935
1873963
2093983
1886699
2844233
2690999
2035708
2008602
2215563
2045653
2440757
2532035
2151487
2544003
1902784
2111687
2116160
2397863
2448236
1919786
2729987
1730255
2423758
2355118
2258498
1930453
2202430
2184595
2609066
2381515
2158828
2543913
2491325
1820130
2091705
2670760
2502216
2940509
2623563
2509579
2844567
2685177
2075942
2874184
2338629
2208760
2138710
2564460
2575645
2498660
2186971
2014953
1731299
2348292
1768840
2120713
2886662
1957489
2294709
1959567
2249081
1741968
2784962
1776357
2612343
1798344
1749936
2259739
2307261
2449786
2955112
2316218
3124452
3026293
2363098
2613825
2697597
1849902
2279654
2231926
2844172
2593088
3304432
2688157
2707508
2229173
2064195
2175383
2064536
2563907
2078997
2511458
2198113
2349910
2213043
1832973
1725877
2178419
2683700
2226133
2196505
2682281
2635647
3217215
1706499
2138947
2198181
2580952
2234859
2183479
2389977
2148337
1704579
2359951
2672500
1995353
2057633
2874434
2315747
3100641
1895248
2693447
1716082
2533569
2972303
1991065
2138835
3157493
1880145
2457493
1978526
2037272
1871615
1706088
1883329
2211897
1946314
2629597
2276588
3090140
1673049
3003545
2534790
1974877
2220225
2722363
1807614
2942613
2475463
2361051
2736570
3029877
2537359
2356800
2018730
2125156
2408365
1998823
1940113
2524162
1807975
2699462
2360963
1937880
2819484
2676621
1986518
2281267
2565044
2152130
2510070
1901850
2119692
2187352
1893971
2162481
2654028
2708614
2255862
2344548
2536355
2612125
1893144
2678545
1779736
2205999
1910025
2405339
2216094
2114634
2347417
2108210
2885742
2660494
2953400
2649618
2646748
2273735
2746386
1693362
2378937
2610963
1771668
2097109
2175706
2519404
2051957
2550112
2780890
2958112
2694939
2213905
2689400
2269180
2064713
2245945
1807753
1678356
2849194
1814671
2020947
1906352
2338582
1985630
1744506
2235352
2451246
1879141
1721187
2095332
1921318
2364886
2446688
2503789
2402066
2283256
2891373
2460918
2009725
2202182
2523361
2542021
2481488
2004005
2515264
2039531
1952999
1909635
2210239
2132441
1763147
2719535
2351462
2216792
2671699
2280769
2440510
1969730
2457970
2895807
1917111
2266232
2019988
2711879
2317628
2086078
2679178
2029331
1931427
1699662
2317288
2569353
2316487
2135358
2859740
2067993
2566366
2732589
2020824
2861638
2309147
1706362
2724428
2062688
1907991
2246735
2249948
2270002
2198980
2483587
1818683
1860759
2711186
2494305
1897847
2860364
2502307
1819995
1695193
2022791
2835017
2284054
3195399
2186365
2146444
2743104
2174420
2389710
2386966
2999148
2658546
2671158
2238557
2547881
2771220
2041021
2368915
1978538
2214483
2422028
2716009
1759993
2262213
2123385
2289844
1984119
2012453
2337046
2405030
1819142
2359856
2931539
1784551
2855125
2428034
2291697
3010635
2389375
3105800
2096197
2720540
2571035
2633494
2382945
2366209
2607404
2603413
2519836
2201321
1821860
2226396
2242552
2110327
2741234
2514991
2469284
2351290
2484626
2494411
1829007
2828541
2235971
2603303
1712572
2248908
2657120
2424265
2579121
2468286
3169560
2326242
2767630
1807552
1790805
2626314
2658611
3009920
2684900
2443946
2701294
2065601
2369628
1835975
1914064
1741805
2599721
2247143
1728503
2015258
3161117
2650631
2029694
2585837
1748219
2493406
2499581
2842023
2382017
1853405
1757778
2672350
2615607
2197921
2302418
2525024
2017355
2678948
2681400
2391227
2820694
2200000
2928626
2328975
2199307
2219148
1889473
1706638
2670636
2603878
2045822
1937649
2517252
2221346
2640986
2976706
2239692
2325273
2466812
2227709
2527645
2690518
1839324
3039520
2115385
2425254
2758350
2728331
2942553
1795487
2155223
1971245
2767182
2362744
2661422
2420647
2370057
2724607
3147281
1881478
2239876
2836209
2600222
1737695
1911591
2285477
1881463
1724901
2224496
2981774
1871569
2662543
1737766
2630268
2940331
2804674
2608129
2122474
2332141
2284425
2638095
1859646
2345637
1722009
2022855
2128323
2132512
2810650
1900994
2509247
1904359
2710135
2285540
2594018
2632659
2899655
2313054
2513143
2438175
2699313
3142428
1855504
2641829
2861515
1747288
2122003
1921928
2214176
2257203
2655031
2620591
2359485
1948107
2110900
2749540
2030754
2170866
1756368
2771225
1939920
2200850
2927800
2194730
2139526
1775689
2699154
2204679
1951846
1960063
2740238
2303160
1801993
2191852
2495987
2440306
2482595
2564275
2675212
2928496
2316396
2537995
2280097
2535699
2364878
2796365
2202360
2901849
2500947
2127031
3213901
1931883
1803794
2374193
2516766
2184213
2510371
2774893
2362985
2945476
1687923
1921141
2343157
2552783
2187259
1739179
2640553
2267766
2635075
2878644
2380311
1959441
2421659
1854392
2465632
2998188
2043046
2467668
2588776
3119983
2569649
2700936
2289580
1811947
1720381
2300967
2391157
1794356
2621713
1758324
2607943
1770339
2563597
2767649
2061557
2185278
2065342
2942129
2353493
2155031
1802145
2655253
2675135
2424178
2156003
2450131
2137072
1984253
2756479
2487405
2331427
2086862
2349766
2966985
2491172
2089311
2384861
2057907
2734765
1841191
2473038
2235604
1988369
1772147
1947215
2819398
1941224
2509551
2352826
1945680
2411745
2012043
2420002
2707777
2058958
2585932
2130322
2779078
2492435
1736193
2681600
3150033
1847950
2233482
2136945
2979619
1719674
2547458
2449446
2156219
2370334
2153362
1808162
2239819
2400143
2822659
1728950
2588998
2412335
2719846
2163880
2374828
2700374
2839432
2366571
2220091
2674403
3061666
2472141
2166656
2581980
2180654
2694560
2544463
2313752
1679904
1921219
2018748
1971675
1839969
2184054
1717677
1907404
2569720
2244356
2404378
2510304
2389137
2359415
2687811
2130863
2445790
2281714
1884790
2039706
1756659
1977160
2401049
1796686
2079449
2886714
2447922
2214816
2613316
2555103
2110283
2339598
1942271
2190981
2394917
1948547
1924495
2039219
1673071
1704912
1700063
2000340
2895122
2331843
2422396
2813045
2266332
1734622
2269391
2795700
1821017
1878136
2730900
1927784
1786711
2073494
2318641
2752387
2745602
2750780
3022218
2190314
2312906
2360220
1953234
2592950
1986142
2185334
1704266
1947845
2670818
2817452
2473048
2090825
2905087
2413091
1842147
2390613
1973235
2402500
2301698
2675175
1902689
2402375
2394951
2232688
2650424
2014109
2401601
2685859
2739924
2318842
1690399
2418725
1702019
2318325
1853708
1844095
2451680
2965710
2605826
2184926
2133646
2050701
1761293
2960572
2735587
2136378
2026323
1846632
2534209
2687441
1848562
1826176
2596233
2012988
2123394
2623061
1992777
1998322
1683103
2128016
1710052
2738480
2936174
2386763
2753381
2535040
2310155
2397449
1900661
1740790
1907465
2649318
2662666
2394819
1913792
1832846
2118994
2243379
2620366
1933620
2246544
2379377
2500496
2390287
2024901
2735416
1910484
2222719
2540877
2940036
3229038
2592623
1892632
1859575
2718411
1740773
1900552
2043216
1868653
1698267
2980311
2743179
2960735
2818982
2612133
2187430
2274259
2168366
1854329
2035584
2515770
2346023
2064506
3095013
2512973
2904809
2547866
2612373
2918660
2716395
2891852
2176181
2722226
2728110
2412921
2545531
2165417
2390510
2555346
2251523
2244333
2353179
1777183
1700222
2637773
2448949
1887337
1892611
3205026
1714969
1712296
2004424
1695316
2699975
2455118
1790472
2039579
1973414
2113410
2029500
2065009
2513762
1748250
3178108
2272244
2664196
2527172
2840963
2387650
1767219
2417824
1809326
2004579
2557254
2457658
3078297
2220779
2787351
2578822
2432544
2400776
1979809
2190390
2630222
1830672
2344082
2091156
1890745
2323425
2329705
2800756
2180148
2176439
2428377
2395431
2337173
2605698
2321177
2107841
2192096
2035380
2063420
1740826
2347369
2936667
2202500
2571870
2798463
2786738
2586115
2907318
1994222
2332448
1690022
2522381
3066024
2763018
2333467
2534124
2907708
2033476
2178700
2599818
2091614
2665271
2259119
1994283
1807757
2141586
1843368
1769626
2412368
2165743
1690619
2358792
2581199
1898061
2763072
2429962
2347787
2090755
2290381
2439051
2891004
3040520
1725510
1993474
2286467
2668431
2435009
2443863
2495655
2168983
2714930
2796678
2645514
2667090
2474402
1967693
1841764
2477344
2307911
1796214
2498682
2325376
2127888
2654131
2478781
2613779
2382687
2677070
2751450
2562782
2503777
2638963
2810220
1840026
2069406
1829573
2888783
2618549
2582261
2616080
1706192
2152670
2316995
2808673
2382788
2529886
3310387
1791998
2754944
2574404
1899734
1916849
1746658
2464930
1867169
1933571
1885505
2690241
1872237
1745925
2226499
1821587
2949070
2179363
2017357
2476257
2698851
3011337
1958545
2770095
2186900
2078566
2571987
2721332
2744428
1702583
2990343
2463659
1808827
2497309
2160861
1890015
1997724
2633960
2351780
2026442
1944822
2493426
2753587
3208512
1914238
2095189
1686146
2358584
2585739
2129183
2433758
1764188
2090772
2114102
1843604
2962697
2781190
2275825
2418706
2634493
2273049
2878508
2180697
1858996
1704710
2023125
2371553
2754947
2070614
2190945
2459790
2892847
2517199
2069873
2296257
1773267
2565963
2971936
2445130
2233804
2275191
2673936
1789724
1992855
2379233
2661564
2492133
3109794
2668314
2378460
1811973
2056195
2083275
1904332
2718347
1915397
2883854
1951901
2835348
2758246
1917411
2631962
2746876
2056637
1902084
1743686
2290625
2637810
2415710
1991051
3191120
2541421
1761725
2400774
1730573
2210295
2614526
2228383
2615459
2109131
2407956
2032482
2793884
2316075
2110699
2337273
2563858
2581455
2740750
1876668
1933014
2749510
2449749
2166206
2666376
1966494
2757923
2572383
2351449
2479444
2876475
2780361
1794672
2668905
1860852
2082993
2361216
2118585
3066767
2558382
2142686
2380751
2064816
2542212
1941566
3017707
1765393
2604257
2684085
1846713
1729141
2295349
2318048
2631390
2479636
2529996
2653033
2593338
2690624
2509483
2019706
1673772
2243708
2537681
2331736
2469923
2359216
2215797
2232639
2948477
3045438
2668085
2208441
1726516
2916759
2931573
2705017
2250357
2186766
3206553
2252304
1911484
2132637
2334155
3017294
2648617
2537090
2957765
3226371
2425388
2406146
2353745
2808839
1748745
2628989
2799747
1674870
2251414
2169107
1914584
2704458
1986890
2788050
2684003
2219822
2476005
1801304
2126624
2402198
2267016
2249335
2434824
2076549
3108758
2194712
3028124
1848487
1731105
2295798
2541630
2589211
1697077
1879415
2327567
1920901
3092397
1841779
2376349
2996888
2113724
2384462
2190668
2678864
2393958
2148127
2300315
2379325
2938461
2010118
2176862
2387507
2844852
2511952
2658496
2847389
2639792
2728819
1714613
2717950
2782364
2318148
2033200
1698920
2318087
2036137
1899982
2690916
2331925
1673867
2905891
2003097
2803442
1776484
1892224
2530109
2043314
1715564
2382456
2285127
2706155
2632916
1806160
3114719
2669310
2042182
2111554
2182461
2997409
1769940
2287280
2285806
1903307
2990059
1960551
2496813
2334067
2589855
2019434
2127815
2092806
2483883
2033218
2184392
2589727
2866914
2391964
2555823
2539596
2470085
1832902
2750657
2845889
2262202
1695962
2157216
1841002
2709569
2553474
3137166
2486595
3038478
2487252
2145234
2673702
2962985
2468776
1717486
1742886
2362924
1984921
2137762
2474194
2664552
2386257
2541341
2242498
1855160
2111846
2252271
2095034
2795210
2348633
2855574
2394502
2260202
2750267
3312361
1904104
2880426
1675998
1698473
2734479
2819344
2838961
3154918
2572802
2297833
2769536
2388782
2195553
2637227
3002548
2827511
2337118
2580052
2058979
2640320
2459616
1672179
2992701
1893804
1680408
1761380
2652463
2812377
2035654
2457076
2237302
2650243
2030280
2618599
1874002
2733042
2000418
2217256
2829475
1936966
2119431
2812092
2444821
2261300
2298049
3137079
2124474
2030838
2932027
2545276
2741886
3121373
1787431
2120831
2406949
1849334
2831158
2234863
2975427
1847614
1718026
2607175
1703262
2078402
2563337
2839163
1891446
2401379
2427725
2365182
2032517
2676382
2542579
2173718
2915494
2684549
2406462
1776338
2705393
2637567
2422030
3044049
3107493
1741834
2028633
2201886
2694020
2831619
2002411
2072505
2788392
2126042
1858341
1881352
1771556
2258458
2514475
2322141
2811081
2029536
2839422
2137432
2528175
2380398
2201653
2389825
2034946
2121807
3002211
1762407
1847613
2123833
1695577
2050235
2498533
1846320
2969981
1714203
1977448
2467838
1784273
2131322
1754115
2157933
2060518
2245878
2157510
2514152
1890399
2407414
1982866
2912016
2858759
2746342
1701986
2710690
2078847
1798108
2333879
2334570
2080204
2045598
2085494
2203681
2795511
2200118
2726955
2235652
2275662
2037285
2299993
1681502
2355297
2397989
2767255
1791639
1718884
2631265
2304707
2274309
2088099
2848638
1779290
2862841
2622642
1794139
1686814
2926422
2254886
2569392
2540957
1858520
1929228
3111231
1777335
2566155
2716394
2070388
2292337
2791260
2467987
2624367
2188879
2149033
2727585
2658442
1824791
2259242
3175560
2023944
1921885
2673992
2077991
2574971
2425308
2915964
2537340
2088532
2430636
2811081
1876275
2286173
2022694
2790175
2598189
3009760
2340655
2679340
2056310
2205598
1940668
2037914
2768980
2425910
2499043
1693188
2019702
2587707
1923281
1988912
2785014
2387491
1858582
3089561
2222653
1764208
1805226
2231788
2667205
2046233
2952215
1682961
1920039
2728469
3019258
2429079
2262635
2539156
2351745
2298528
2356913
1985964
2330294
1733617
1695059
2380885
2770123
2711855
1722272
1808080
2715420
3090569
2514429
1908669
1745210
1779229
2386792
2223371
1918294
2596553
2538590
2385145
3050674
2387631
2565345
2203198
2051964
2360396
1919681
1903430
2697816
1932405
2742950
2836149
2660735
1756779
1680752
2134789
2644041
2420709
2850784
2335403
1874767
2364846
2458133
2233621
2781072
2140073
3162184
2839824
2218343
1805080
2586337
2284040
1938840
2436893
2369406
1948242
2004169
2610563
1865913
2238997
1852643
2570243
2877615
2454114
2290026
2439139
1929010
2550885
2156050
2466324
2958451
2393409
2096667
2248070
2253022
2027123
2497790
3126766
2615479
2091145
2972385
2106043
1818442
2235226
2728636
3091605
1738378
2210007
2557193
2326088
2671999
2759985
2983402
2517491
2472296
2856232
2177293
3179581
2946637
2606670
1842918
2527822
2255747
2220571
2191317
2486190
2850586
2512271
2319100
2666613
1876650
1934755
2495618
1976480
1972686
2528263
2608943
1983381
2647034
1681169
1952158
1959188
1917286
2204694
2039682
1984095
1984206
2939015
2371372
2135309
1777112
2691815
2537081
2069343
2168493
2920022
3219235
1691429
2518476
1770844
2987141
2234377
2140028
2143659
2503866
2243742
2721560
2693424
2568178
2839412
2569255
2446184
2326572
2020041
2515191
2339216
2124171
3187465
2516086
2543447
2024924
1849513
2079249
2371369
2296277
2498831
3006825
2857577
2329325
2391391
2061690
1725622
2054590
2096441
2773754
2114013
2559185
2357614
2087201
2525239
1810910
2009302
2475358
2410437
1972352
2606174
1710699
2616769
2082564
2799976
2883804
1754053
2514907
1695191
1967987
2335978
1881440
2517141
2179178
3120865
1920392
2532157
1917994
2292868
1825115
2581523
1717574
1920466
2634241
2037912
2366150
1675896
2808147
2688481
2437329
2081535
1750600
2052731
2619737
2029751
2093612
2366485
2667279
2290675
1853486
2294054
1907664
1940828
2632196
3175698
2556262
2492124
1791150
2435272
2397543
2425897
2013628
2489832
2237301
2083512
2549801
1923975
2217387
2500026
2861752
2767633
1887907
1887248
2502312
2506043
2293819
1968876
2932561
2582395
2832337
3070595
2629333
1792473
2965580
2419023
2387091
2870570
2590019
1733894
2054216
2179965
2701990
2060586
1838069
2668187
2182843
3142410
2060194
3021419
2076284
2051524
2796354
2067615
1946398
2354106
1937624
3092757
2730987
2087763
1828420
2741580
2240313
2042787
2238482
1994929
2493288
2647098
2305870
2491184
2085699
1761881
2895346
2034284
3179256
1987706
2408464
1682003
2137196
2121410
2434226
2340209
2568145
2058229
2255602
2532591
2905245
1946862
2366442
2548663
2018586
2719752
1831680
2770530
3076463
2528258
2324938
3021404
1813603
2527088
2328475
2857420
2535429
2186387
2589942
2031638
1894128
2614680
2536691
2534624
1970837
2356585
1675678
1883790
1893208
1924941
2722157
2763313
2168440
2500644
2927363
2416625
1760433
2689915
2320636
2207075
2210048
2704131
2552728
2505688
1742845
2483444
2559187
2843866
1781925
1846613
1894538
2719669
1983084
2067275
2068902
2039657
2681906
2559723
2440834
1706578
2480188
3043803
2643600
3232336
2125824
2253648
1842349
2393305
2063385
2221170
2196373
2314690
1778557
2170984
2067309
2602298
2198926
2182790
1879617
1964729
2457606
2486339
1836756
1974520
2359520
2458994
2723018
2318975
2002942
2168047
2330508
2299716
2074345
1950389
2217993
1873129
2722400
2548861
2460704
2504251
3144857
2618409
2342377
3160166
2358411
1990741
2112455
2763801
1691122
2553681
2141599
2578827
1688324
2180700
2095299
1993293
1946024
1818692
1712659
2740278
2406896
1857711
1979082
2117303
2340076
2227858
2408464
2517568
2939320
2377356
2042605
2529736
1842238
2408672
1810852
2498924
1715214
2898342
1739871
2089196
2281762
1860180
2308051
2323644
2008543
2625868
2080936
2383762
1963834
2437501
2599425
2134644
3203912
2335519
2868221
2741016
1748477
2268400
1829300
2890852
1917711
1915191
2911119
1857324
2320866
2267278
2694639
2050505
3067081
2376261
2234892
3135673
1986010
1984266
1917870
2591526
2668800
3029988
2628692
2778831
2404525
2973949
1793702
2474210
2487020
2326050
2608756
2357708
2270817
2410740
2134335
2521768
2167104
2374582
2416751
1854065
2793706
2001151
2336764
2614163
2778234
2229439
2589925
2148051
2187972
2847310
1694906
2653487
2257228
2988923
2148825
2529467
1975207
2676703
2050146
2838092
1702651
2153911
2370598
1697562
2852305
2518708
1955832
2073797
2172343
2278756
2091058
2484387
2775627
2775377
2002962
2615320
2176985
2911602
3039717
1897857
2121487
2700626
1986613
2283221
2665973
2656207
2389609
1978396
2233263
2520049
2789033
2604827
2541881
2572075
2707486
1855949
2527997
2470479
1986689
2307664
2258827
1887657
1672352
2442001
1775659
1960629
2338514
2247969
2238010
2727033
2821794
2613988
1676290
2409298
2215403
2674378
2400432
2476193
3073480
2169606
1887207
2078214
2455554
2402737
2226802
3155799
2284050
2649991
2074853
2086119
1885352
2208641
2416187
1975368
2237257
2372658
2771790
2142732
1965296
3177268
2613014
1896651
2950572
1700485
1900265
2474642
1855055
2770453
2678284
2212981
2684057
2282875
2184663
1898688
2115994
2675940
2418751
1965268
2294710
2720796
2688459
2826590
2258977
1782159
1853562
1888932
2088556
2481243
1840995
2486217
3107841
2624870
1765156
2353771
1789424
2742839
2190026
1694415
2480262
2427533
2593065
1779452
2301146
2365007
2370542
2393714
1767081
2497194
1685958
3029723
2191534
1934251
2768203
2284528
2000493
2663275
2231686
2858759
2394628
2512639
2630006
1805147
2507686
2502531
2546031
1686980
2783877
2750642
2456126
1879239
2123701
2922887
2043753
2698305
2040942
1836747
1716685
2387370
2088123
2829772
2719892
2890892
2096789
2637949
2520333
1738569
1857808
2254319
1992935
1788125
2400576
2059417
2597268
2149675
2596089
2459832
2688026
2857265
2029790
2330409
1772860
2396532
1914113
1807403
2261936
2747053
2936352
2643628
2281854
2263800
2699194
2072310
2546022
2509389
1710653
2633764
2163422
2062808
2364073
1943068
2061369
2715420
2706407
1950571
2066091
1959061
1683147
2130109
2313717
2390576
2004934
2345048
1811014
2036487
1991998
1869003
2444463
2313716
2901236
2483961
2619624
2550348
2079218
2154745
1872014
2515481
2725289
2812577
3086004
2223818
2477058
1798616
2510224
1792167
2205526
2093220
2868852
2547588
2314024
1677710
2272828
2807159
2202818
2308818
1919583
2318263
1799308
2079083
2367225
2160860
2873355
2135894
2450564
1968484
2694368
2615103
2494386
1972145
1851303
2528900
2851117
2321049
2256685
2436653
2099905
2280025
1933616
1957193
3285506
2618771
1740087
2573746
2271011
2128389
2567812
2374982
2360716
2597429
1784159
2824693
2504865
2266718
3014316
2462327
2762175
1706566
2368180
2392251
2294235
2266462
2368350
2646542
1917884
2512884
2762119
2529972
1947812
2225288
1729045
2943318
1811232
2167464
2246130
1982160
2491766
1923508
2121306
2263896
2902056
2409337
2475981
2512617
2955135
2524165
2680145
3045744
2705263
2205060
2337069
2056082
1957281
1730245
2588017
2740182
2219717
2180823
1964569
3029473
2895760
2646520
2477747
1698499
2007166
1695990
2861817
1909565
2287053
2255244
2024488
2306803
2655238
2759485
2033391
2789127
2017646
2608110
2562873
2272709
2248420
1900740
2088686
2635955
2218599
2533982
2659947
2060226
2460266
1783370
2348496
2574092
1767647
2677586
2522174
2898227
2513173
2695193
2595046
1741853
2381042
2290163
2460085
1996026
2269087
2081794
1689497
1931684
2097689
1700179
1876186
2079155
3018521
1762548
2647553
2179286
1787465
1960905
1910683
2109012
2098885
2522024
2768736
2262990
2123451
2696383
1828670
2088265
2500074
2215979
2614973
1825107
2379268
2171567
2214285
1895110
1715243
2433454
2326225
2239083
2784593
2127228
2152623
1842934
2550237
1708943
2170013
2930548
2492087
2115644
2512417
2403445
3200379
1791933
2513299
2115708
1968841
2705452
2365904
2402719
2629882
2372524
2133913
2266683
1672458
2350142
1915143
2103231
2093197
2140133
2834538
2707474
2528359
2226791
2334769
1716609
2600672
2103830
2172530
2591951
2523320
2674409
2087434
2129890
2615366
2306419
2084251
2305609
1896762
1710478
2739330
2334681
2565396
2424397
1926541
2339829
2432412
2433771
2607379
2472910
2298735
2552110
2845802
2344805
2688175
1916451
2195774
2347441
2538480
1684277
1981652
2692054
1879686
2435438
2851849
1918455
2460930
2735129
2818543
2362920
2697392
2657243
2736724
1899000
2802050
1996529
2235507
2391393
2740935
2894651
1794710
2308765
2705169
2489858
1996295
1835992
2441772
1818109
2574176
2391866
1926717
2818513
2288268
3224818
2317740
2335393
2518674
2419892
2708841
2376362
2589406
2607776
1865003
2287664
1718515
1758778
2249178
2904536
2809378
2776331
2838722
2251934
2643437
1674018
2751781
2317573
2103754
2718083
2832136
1680598
1833279
1819689
1762352
2273575
1894248
2061181
2572736
3207065
2044409
2475439
2313273
2613203
2186247
2029325
2178171
2667575
1808500
2485347
2629863
2340111
2346945
2089906
2291510
2609012
2383134
2448641
2719338
2245127
2459844
2440790
1678570
2287514
1929509
2389134
1828993
2488352
2886948
1812006
2998045
1720958
2107451
2365868
2073426
2009914
2421645
2190636
2677427
1717282
2048837
2669432
2712364
2633578
2689509
2471964
2027549
1700546
2429759
2609050
2750954
2939952
3051928
2452452
2107934
1706521
2161937
2807528
2135452
2044906
2941018
2675192
2345581
2421165
3105288
2131793
1778277
2901018
1787374
2997658
2232505
2188677
2185377
3054807
2330497
2637854
2026358
2716771
1961345
2237091
2700903
1842713
2112325
3170228
1689721
2424999
1762889
2406640
2518503
1978840
1984244
2135966
2213376
2186664
1764805
3260248
1860861
1767537
2821791
2754045
2826482
2544963
2629850
1811471
2379703
2273911
1902607
2391227
2621552
2588891
2495965
2292635
1678321
2568650
1905785
2557286
2768873
3224529
1999228
2090359
1937493
2652591
2489271
2321959
2656211
1954052
2840204
1828728
2376129
2638740
2031304
1719304
2960546
1820835
1915869
2791785
2452307
2437222
2334168
1933143
2797935
2031362
1869618
3041828
2243952
1914446
3269542
2370889
2438517
1923847
2506194
2341333
2947191
1706387
2220101
1966896
2242334
2126578
2936148
2116058
2931097
1722880
2267840
1959441
2126725
2238405
1746666
2026878
2784861
1772950
1776602
2494365
2117456
2102348
2068979
1981938
2098280
2503531
2171729
1989812
2237123
2437475
2608850
1832270
1810368
2655086
2647074
2553873
2591678
2275378
2743200
2360546
2049486
1962676
1953021
2479134
2498367
1866489
2628811
2982563
1813506
2447391
2925091
1874467
2187319
2254919
2088168
2282929
2252618
1744231
3181311
2195244
2637972
2816165
2692090
2262876
2806765
2899908
2802185
1795932
2324214
2379323
1857163
1827384
2669182
2985975
2366052
2751135
2505832
1967429
2549851
1830347
3081595
2729255
2020345
2524000
3188099
2979670
2713701
2569442
2153924
2628223
1980030
2734550
3299147
2399365
1990104
2888504
1964549
2725106
2460726
2069246
2226991
2422208
2571551
1811930
2689569
2347030
2229923
1694321
2030533
2901835
2281528
2110397
2253241
2141895
2121974
1785577
2891137
2192220
1742495
2481541
2795766
1947860
2155447
2222899
2533485
2285815
2425340
2249094
2259169
2045273
1737813
2665382
1921849
1727796
2856210
2745855
2441553
1956237
1683518
2118575
2715859
1728972
2533343
2531495
2720180
2363990
1718488
2738179
1896919
2473364
2900724
2444604
2443096
2024228
1845434
3090627
1920073
2366586
2110602
2049312
2263489
2090265
2181042
2078377
1702640
2302290
2597079
1882152
2276394
1964669
2337685
2307690
2243241
2112389
2638836
2423809
2517875
2121793
2740436
1982774
2098733
2202260
2302757
1745713
2300401
2871022
1969101
2038896
2074817
2214005
2386122
2322890
2923959
2604627
2269621
2899327
2838364
2130052
2828022
2030608
1897940
2224460
1724596
1756318
1945481
2258381
2386285
2491205
2052539
2495079
1865786
2340756
2164037
1999350
2199303
1940957
2577020
1806070
2683591
2360989
2303151
2986642
2659046
1760809
1943932
2102324
2629768
2778611
2453303
2576295
2895606
2451871
2478849
1787834
2610467
2695053
2483798
2689590
2603053
1848215
2393432
2737196
1866589
2750473
2558936
2647199
1760108
2550532
2342319
2509577
2242143
2686224
1821363
1897918
2699106
3209600
2699640
1907324
2301072
2004440
2671467
2714230
2346115
1912762
2079942
1896448
1980375
2170752
2813184
2077491
2777753
2878197
2547337
2734867
2366180
2461826
2720289
2391131
1801663
2463272
2913607
2082624
2593316
2823886
1956573
2254690
2317431
2222322
2028510
2176705
1739980
2092752
3227660
2385285
2595040
