60
2 1 DESNO
3 2 DOLJE
4 1 DESNO
5 3 DOLJE
11 2 DOLJE
13 3 DOLJE
14 2 DOLJE
17 2 DOLJE
22 3 DOLJE
25 2 DOLJE
29 3 DOLJE
30 2 DOLJE
33 1 DESNO
34 3 DOLJE
36 2 DOLJE
38 3 DOLJE
41 2 DOLJE
54 2 DOLJE
57 2 DESNO
57 2 DOLJE
58 3 DOLJE
63 3 DOLJE
68 1 DESNO
69 3 DOLJE
71 2 DOLJE
76 3 DOLJE
83 2 DOLJE
85 3 DOLJE
94 3 DOLJE
97 2 DOLJE
101 2 DOLJE
103 3 DOLJE
107 2 DOLJE
114 2 DOLJE
118 1 DESNO
119 1 DESNO
120 2 DOLJE
121 3 DOLJE
125 2 DOLJE
130 2 DOLJE
130 3 DOLJE
134 1 DESNO
135 3 DOLJE
137 1 DESNO
139 1 DESNO
139 3 DOLJE
140 2 DOLJE
143 2 DOLJE
144 3 DOLJE
149 3 DOLJE
155 2 DOLJE
162 2 DOLJE
162 3 DOLJE
166 3 DOLJE
174 1 DESNO
176 2 DOLJE
176 3 DOLJE
179 2 DOLJE
185 3 DOLJE
187 2 DOLJE
