30
0 0
25656963 6975813
130779664 65459978
116985876 41916515
0 0
14416515 175173
14416515 175173
100612547 41048243
10916583 27173847
92882495 40887782
65400363 31580880
77349289 37659686
11240448 0
70247260 33748636
10452794 2417126
197259497 31711342
72304639 32316367
0 0
12085805 0
60540121 17716912
20868462 11068676
16691704 4700624
17198502 1730477
48599054 9644733
7407588 31819514
23182337 4464707
0 0
51748026 15691508
0 0
10916583 0
36109757 10119652
48599054 9644733
157882788 61818130
0 0
27457905 8704406
11748155 9715891
0 0
88597355 59220493
27457905 8704406
12791455 0
330507415 78397028
0 0
167813748 90303679
44134567 38451807
65126160 33143611
62653359 20410784
0 0
135749128 73181524
0 0
70247260 33748636
47118935 44848785
0 0
7407588 31819514
135589975 58023280
248892407 92463542
215781848 65459978
130779664 65459978
0 0
12791455 7566090
244760445 70357784
60540121 17716912
157756262 57383975
23594326 9700010
0 0
11748155 9715891
222882422 90527586
332346609 76439531
81794299 29484381
77349289 37659686
70247260 33748636
30708322 8480470
34182539 2668920
70247260 33748636
915641 8125649
12698804 16924465
64954087 7237774
63292810 32430894
81524768 32358647
70247260 33748636
135589975 58023280
25985223 14416693
110177789 46102755
12085805 0
5889759 0
37959188 20637459
11748155 9715891
16691704 4700624
3411661 35382998
126527362 73181524
11240448 0
44864154 31580995
84803436 46741354
0 0
31626242 11001966
39994340 17400489
33533874 31711342
273928961 71911854
48599054 9644733
324863805 76439531
29267242 18369436
72741600 26479034
181881019 41002919
16560193 29131344
12583165 5658071
100612547 41048243
77349289 37659686
7407588 31819514
23173565 8732498
70247260 33748636
84460248 42675755
14340201 8137613
146329216 242927816
60540121 17716912
7855445 35382998
82790634 28332739
15638269 0
3411661 0
14416515 175173
29495707 31819514
7833747 16341911
123146879 47121684
241201472 87371795
18499674 30190821
82790634 28332739
22611735 6629638
30201661 0
0 0
44134567 38451807
13465736 38512125
77709325 39406707
0 0
915641 8125649
16026464 7702526
96210814 36460194
135749128 73181524
139797455 18718624
7833747 16341911
84803436 46741354
74716681 36544887
27457905 8704406
12698804 16924465
162794475 70401075
27457905 8704406
2596053 777944
15038125 16495430
12698804 16924465
197330562 89139502
239957506 81801889
10984572 0
0 0
96210814 36460194
9534686 2324064
29991907 9520635
915641 8125649
190901954 58167221
81794299 29484381
36608229 33200159
0 0
0 0
51748026 15691508
4334944 2544822
0 0
20721971 0
190714240 65459978
79816878 38556693
129909569 73181524
33698755 29334466
8300822 3960156
11748155 9715891
37959188 14288059
77349289 37659686
0 0
130779664 65459978
0 0
135589975 58023280
0 0
0 0
123244098 51988797
21341853 10297631
20599552 8949261
20868462 11068676
36109757 10119652
27457905 8704406
273928961 71911854
96210814 36460194
13465736 38512125
0 0
96210814 36460194
31802887 8497637
13465736 3129127
324863805 76439531
441955 0
86956689 34897797
84460248 42675755
78124171 58484165
11748155 9715891
0 0
44134567 31064943
72616488 26760184
193470711 97279492
12636686 0
97489916 40145871
110177789 46102755
130779664 65459978
0 0
330507415 78397028
19171564 16341911
126527362 73181524
48599054 9644733
130779664 65459978
123146879 47121684
81794299 29484381
7407588 31819514
7833747 16341911
123235498 49265684
29991907 9520635
6750923 3269048
19171564 16341911
158894726 65459978
60655795 26479034
77733223 36871245
30555260 33200159
27996059 14288059
0 0
23173565 8732498
36278809 14367887
7417452 389080
92326304 46741354
245983509 90527586
12348200 5039180
0 0
31802887 8497637
30708322 8480470
0 0
12698804 16924465
86956689 34897797
72741600 26479034
23175016 3683542
12348200 30106788
110092165 66205711
3411661 0
30708322 8480470
3411661 35382998
36109757 10119652
0 0
23175016 11755721
10916583 27173847
25656963 6975813
2596053 0
27457905 8704406
245983509 90527586
245983509 90527586
72616488 26760184
72741600 26479034
0 0
7407588 31819514
51692326 30683873
184559319 83808311
157882788 56160059
27457905 8704406
19756693 1018929
136809252 55984382
130779664 65459978
0 0
158894726 65459978
0 0
36608229 33200159
96210814 36460194
11772235 5489574
330507415 78397028
7407588 31819514
202853240 60764618
51748026 15691508
3168144 5357339
222882422 90527586
0 0
18499674 5123213
0 0
5889759 0
71774070 21400454
143822705 16495430
0 0
3411661 35382998
23182337 4464707
77349289 37659686
0 0
3168144 5357339
26071809 26053271
22079044 7334647
263538913 39999286
127681284 49453430
227322469 98660137
28112269 7702526
52052362 32430894
0 0
62653359 20410784
7224693 25067608
270918418 100842976
344432414 76439531
0 0
92326304 46741354
278491329 100842976
198121828 97279492
168293266 67077831
239957506 81801889
35461108 9557868
273928961 71911854
239957506 81801889
29495707 31819514
3411661 35382998
915641 8125649
130779664 65459978
36018165 21638484
28112269 7702526
7100574 25067608
62334397 33270173
77709325 39406707
96210814 36460194
915641 8125649
11748155 9715891
58475025 28259062
0 0
0 0
192391852 58167221
86956689 34897797
50709645 26167798
0 0
0 0
35461108 9557868
0 0
0 0
7100574 25067608
48454316 17716912
87774390 39707816
3168144 5357339
30555260 33200159
133034554 37086052
94782649 31819514
30708322 8480470
8300822 3960156
23182337 4464707
12348200 30106788
250707462 74157629
89320545 35699256
6762690 0
16691704 4700624
11454830 12018444
42474186 31621384
77709325 39406707
35461108 9557868
13571158 6975813
2596053 777944
915641 8125649
223006541 90527586
215453936 43652792
30555260 1380645
60540121 17716912
5401435 1639182
122879616 70842023
158894726 65459978
0 0
92326304 46741354
21805177 5489574
30555260 33200159
161523261 43786232
41134469 25196274
227446538 27173847
244760445 70357784
27457905 8704406
23173565 8732498
5889759 0
267506757 65459978
5051359 1504657
0 0
62653359 20410784
35191649 9299877
30485192 27173847
92326304 46741354
66568422 12018444
5889759 0
13695754 7527353
92326304 46741354
270282284 102056312
27457905 8704406
284698799 109032125
4334944 2544822
65126160 33143611
15038125 16495430
915641 8125649
330507415 78397028
13420180 1562397
194770153 81006951
36109757 10119652
3411661 0
18583703 8697651
228005635 90527586
12636686 4897806
5889759 0
0 0
9398540 1617853
239957506 81801889
42058697 25935526
79816878 38556693
15038125 16495430
57293081 46421340
97489916 40145871
48599054 9644733
65027925 22693246
6249622 0
3690618 795111
23173565 8732498
9345343 35382998
27068737 7925995
18583703 8697651
30485192 27173847
232123759 65459978
2330710 175173
158894726 65459978
31802887 8497637
247161884 81955408
51748026 15691508
33533874 26053271
15038125 16495430
0 0
37280492 16921166
356421408 80887068
24303330 14487013
92326304 46741354
84460248 42675755
17192042 43572147
0 0
29991907 9520635
17198502 27790317
62973487 31263096
58475025 28259062
0 0
84460248 42675755
127681284 49453430
0 0
0 0
62653359 20410784
117930321 38820080
344432414 76439531
29991907 9520635
193293029 63841504
17036278 40474745
1059553 1380645
98387936 18718624
135749128 73181524
221269500 98660137
9804145 2582055
58475025 28259062
47084637 18776508
10916583 27173847
12636686 4897806
35650628 13471181
79816878 38556693
6051706 5091747
16560193 1957497
2481164 3129127
48442083 21037271
168293266 67077831
148639986 50318751
9345343 35382998
16691704 4700624
324863805 76439531
67280429 33727406
36996396 12708258
273928961 71911854
273630774 52554329
32427852 10014386
251295323 81801889
11748155 9715891
54159915 31580880
16560193 29131344
12223787 25067608
915641 8125649
19171564 16341911
12698804 16924465
215236664 98660137
82790634 28332739
150296310 47851831
94971081 53441534
231566994 83551773
110177789 46102755
17192042 43572147
84460248 42675755
87375061 5619921
648649 561784
30485192 27173847
324863805 76439531
5051359 1504657
11748155 9715891
103150747 37439435
8810053 5619921
10984572 35382998
0 0
28112269 7702526
95151909 34551622
0 0
91304381 43847058
84803436 46741354
35650628 13471181
64214035 37220719
145028628 69020430
127681284 49453430
441955 0
15038125 16495430
174513185 36609148
197082069 71356022
12791455 0
16691704 4700624
0 0
65126160 33143611
0 0
29991907 9520635
29991907 9520635
228130048 95566766
5889759 0
2756471 0
35191649 9299877
11748155 9715891
7179372 7386864
62653359 20410784
190714240 65459978
313947222 49265684
61299726 27921984
0 0
158894726 65459978
103781134 65459978
0 0
131955909 38212411
72616488 26760184
35208663 19206289
35650628 13471181
915641 8125649
20721971 0
92882495 40887782
183705313 90303679
58475025 28259062
0 0
22622951 8217441
110177789 46102755
23564823 13471181
0 0
77349289 37659686
72741600 26479034
0 0
6529911 801459
92882495 40887782
2481164 3129127
31802887 8497637
0 0
11783163 7208574
37331511 8715695
8300822 3960156
62653359 20410784
77234740 35699256
79469467 37622285
34541090 12708258
71774070 21400454
71774070 21400454
218949992 70817317
20329814 11516636
143868850 238463109
16684077 4884549
11988994 4447537
0 0
130779664 65459978
98387936 18718624
126527362 73181524
65126160 33143611
0 0
11748155 9715891
126527362 73181524
65151439 31490375
63923645 5619921
98387936 18718624
31374795 17519422
5121100 605025
65126160 33143611
71774070 21400454
12602249 0
0 0
11233949 0
48599054 9644733
12698804 16924465
134965421 70842023
123235498 49265684
140345381 74912001
63874003 52770740
10032942 0
19171564 16341911
12085805 0
92326304 46741354
18499674 5123213
13465736 3129127
1059553 1380645
247161884 81955408
232123759 65459978
264074814 93867163
0 0
140345381 74912001
89320545 35699256
60540121 17716912
161734922 69020430
0 0
0 0
0 0
5643610 0
5947017 3799845
10916583 0
35191649 9299877
135749128 73181524
190714240 65459978
196318362 49320513
36496056 25182472
7833747 16341911
330507415 78397028
26936065 3274626
232123759 65459978
2756471 31819514
12636686 4897806
32427852 10014386
72616488 26760184
441955 0
92882495 40887782
12348200 5039180
51748026 15691508
15372100 8704406
31802887 8497637
12698804 16924465
126623688 17375783
62653359 20410784
18604099 16106765
51642160 23436274
218949992 70817317
51692326 30683873
13667074 7738249
0 0
14416515 175173
123235498 49265684
3380483 26059840
915641 8125649
0 0
4166055 0
915641 8125649
12085805 0
87375061 5619921
103339179 59840057
92326304 46741354
58475025 28259062
221269500 98660137
79816878 38556693
19171564 16341911
23375303 9557868
0 0
0 0
58475025 28259062
915641 8125649
134965421 70842023
0 0
71774070 21400454
225638360 74826076
11748155 1590242
7100574 25067608
0 0
48442083 21037271
27457905 8704406
5121100 605025
10916583 27173847
103339179 59840057
23182337 4464707
77709325 39406707
36361353 25704083
67280429 33727406
17036278 40474745
0 0
0 0
116985876 41916515
80796690 40887782
30708322 8480470
7100574 25067608
166247214 27416275
79816878 38556693
84460248 42675755
251295323 81801889
65623520 39406707
19334088 9532144
29991907 9520635
5925806 5989985
30485192 27173847
7855445 35382998
35191649 9299877
12348200 5039180
110177789 46102755
11988994 4447537
6275887 5123213
27457905 8704406
40356245 12223887
183681676 44422707
44864154 31580995
10032942 0
12085805 0
110177789 46102755
12636686 4897806
138301359 57557196
17036278 40474745
0 0
17036278 40474745
146329216 242927816
5643610 1957497
84460248 42675755
14416515 175173
34025568 14061458
7855445 0
6762690 26059840
190714240 65459978
0 0
96210814 36460194
35650628 13471181
32427852 9236442
13465736 38512125
86956689 34897797
5947017 3799845
30708322 8480470
18499674 5123213
17192042 8189149
2756471 31819514
87685771 37563816
6422204 6451876
124790869 30106788
110177789 46102755
130779664 65459978
94971081 53441534
0 0
60493520 20361500
22622951 7738249
8300822 3960156
110177789 46102755
23375303 9557868
193470711 97279492
228005635 90527586
7224693 25067608
0 0
36608229 33200159
12698804 16924465
215453936 43652792
77709325 39406707
223006541 90527586
0 0
20721971 0
21805177 12711365
7855445 0
19320886 22784223
232123759 65459978
12602249 0
0 0
14416515 175173
16684077 12106340
60540121 17716912
72741600 26479034
0 0
6762690 26059840
17036278 40474745
32825824 194616051
276852100 100842976
22942091 2668920
3168144 5357339
12085805 0
35191649 9299877
251295323 81801889
0 0
11748155 9715891
30485192 27173847
31042608 12641231
116985876 41916515
141421266 10517727
23173565 8732498
7997488 2417126
356421408 80887068
30708322 8480470
62653359 20410784
27457905 8704406
0 0
120466980 26053271
0 0
280972493 103972103
123235498 49265684
89320545 35699256
129036638 238463109
16691704 4700624
127883643 50538138
215781848 65459978
36109757 10119652
10832514 1590242
915641 8125649
226920119 72583914
190714240 65459978
152434141 16916250
0 0
273928961 71911854
197082069 71356022
16684077 12106340
48442083 21037271
12636686 4897806
31802887 8497637
16704057 8939072
223006541 90527586
51748026 15691508
0 0
27457905 8704406
0 0
92326304 46741354
113160528 229982639
16691704 4700624
218949992 70817317
915641 8125649
31802887 8497637
7348839 1077398
103781134 65459978
168293266 67077831
30708322 8480470
51642160 23436274
14416515 175173
38654974 32316367
343188 4065599
232123759 65459978
84460248 42675755
120810767 5619921
38213019 26696446
79816878 38556693
232674640 70357784
5401435 1639182
14416515 175173
0 0
15038125 16495430
103390186 43847058
71774070 21400454
23105844 9299877
77349289 37659686
6422204 0
46528998 25182472
6762690 0
143560175 59253430
18499674 30190821
39469197 26167798
17036278 5091747
220209947 97279492
3168144 5357339
17192042 43572147
9963129 0
17036278 40474745
23173565 8732498
915641 8125649
84803436 46741354
135749128 73181524
0 0
88526742 41048243
96210814 36460194
14416515 175173
0 0
158894726 65459978
16560193 29131344
198121828 97279492
96210814 36460194
142636303 60102018
17192042 8189149
30555260 1380645
33557455 9700010
110177789 46102755
17192042 43572147
0 0
21805177 12711365
43884221 18482292
0 0
103339179 59840057
7855445 35382998
8300822 3960156
135589975 58023280
19234300 11147645
103339179 59840057
193470711 97279492
23182337 195806132
140345381 74912001
8300822 3960156
37013891 23622976
84460248 42675755
193014634 77056405
64718161 31435316
140345381 74912001
80554566 46465721
19717082 8497637
96210814 36460194
197082069 71356022
0 0
116985876 41916515
127681284 49453430
65126160 33143611
31802887 8497637
