9753
22258
18717
23999
28466
13458
5800
18204
28590
25097
-1
12709
29314
12321
16979
6798
10330
28101
16569
28485
-1
8343
29845
4251
13097
20711
24838
-1
13062
-1
1546
7526
29481
24112
5947
14217
4065
12287
-1
29272
19372
12238
1622
3064
28222
-1
11964
4009
23940
17244
21371
21863
6720
19191
20052
3941
-1
20596
23397
11168
15739
18342
8179
14876
11925
24551
5062
7808
-1
11094
-1
-1
15800
8429
26014
9094
24086
27531
9478
29583
16769
3803
16746
16917
2935
-1
29445
1316
1561
15680
26179
7505
13700
15426
17825
21263
15461
22870
3911
1222
14636
-1
4508
-1
-1
27311
15997
9129
19078
8372
2188
20720
25123
1095
10414
23291
20697
26061
12569
14907
6094
24233
21113
12539
4984
-1
3230
10444
13784
16781
25140
10900
20497
22134
1939
29183
13664
27990
-1
10833
24678
4419
36934
4558
-1
21296
20404
18332
29443
17459
11042
23075
26959
11119
19338
-1
5910
25566
3627
24947
2705
11160
22986
11604
6495
-1
-1
7695
29455
5680
-1
25100
10767
17158
10784
18056
26586
27918
27848
15891
-1
22946
16955
29554
6417
8845
29189
2529
15245
13392
11828
16626
1700
10076
21934
17536
9994
5334
16316
22297
-1
8168
7318
25502
-1
14525
17392
9088
22078
18102
24094
21852
3245
25232
26250
14488
-1
10926
-1
28738
-1
22858
-1
10743
-1
22426
7436
22243
6521
2046
16109
17265
15616
12342
5164
-1
28071
26487
-1
4299
9682
8030
20369
28976
1258
5441
16429
21261
4867
4421
25444
14679
28068
11418
8347
12786
8472
27373
26384
20745
26013
14133
23285
10806
26119
19551
6566
1807
9238
12515
2278
8281
11844
28622
1178
9768
-1
1390
2889
26801
19502
9486
26390
26180
6438
17822
28770
11719
16690
16991
14045
10255
22769
-1
13005
15708
27853
22578
20427
8654
28224
4893
8881
21500
22726
2339
11862
7503
22275
27363
17641
5492
8382
22635
28314
20624
25374
11295
28627
1164
13898
-1
23366
5718
10711
13614
15482
8510
2078
23263
24805
4777
28784
17938
28191
22742
26142
3804
12450
17286
16625
21391
7780
12895
28457
26374
11652
17151
-1
13291
14556
24146
17823
22092
18037
3848
14727
25964
14938
19196
24221
13291
16677
19171
9729
11487
21180
18442
9471
10255
8756
23158
15760
10938
18891
-1
1195
18742
6573
16722
21424
-1
4918
9139
13212
13313
20572
15870
14025
16104
9714
28741
28950
5654
19417
8070
27301
27118
20632
20261
15115
3207
6050
23037
22194
17982
-1
7805
-1
17610
15852
16775
15535
6810
26053
10054
16410
13972
21273
5566
12261
16804
28115
12438
26733
9449
3573
14372
26203
13491
27808
4981
24543
14737
2661
2867
22394
-1
6258
-1
21861
5435
5548
15348
16528
12065
11501
26545
-1
15487
6601
14584
15545
1811
-1
6198
16856
15582
-1
14317
7958
21300
21349
13002
24525
8254
6165
19332
28092
14986
18159
3893
24340
10498
4797
14006
9540
4096
20076
26300
27370
6512
-1
4195
17251
21903
17031
22033
22587
16910
12976
14901
17615
2615
8127
22361
21986
7440
11878
18592
14052
14389
2372
22356
3341
-1
22662
24771
23886
11649
8052
28081
24646
12073
-1
26723
-1
11777
7793
7285
11741
18311
12104
19573
25273
17645
26276
23295
14654
4543
16646
7293
20657
18500
15202
28924
8517
11807
11465
27490
10611
22913
22474
-1
25342
6596
27105
13810
26829
20091
12545
18656
14940
7575
14509
17317
27085
8854
5513
27732
-1
6967
13289
3432
3258
9073
15716
13626
18321
-1
20857
16397
24733
1203
10913
6833
4878
20274
21877
14232
19500
25731
-1
25829
27466
-1
11746
4548
-1
3381
16116
14920
9267
17164
8400
18623
26112
19230
9904
27931
10896
14496
17149
-1
1010
-1
7440
2018
24450
5939
1668
26188
31914
3581
-1
21178
19730
-1
28334
5693
26849
7039
1242
2689
11615
17647
11706
10246
3594
17254
7011
28304
25813
15588
15797
11188
16071
13887
12541
7867
16739
24956
20882
12992
3396
16271
19856
19338
4604
28581
10968
22098
25139
-1
3914
3175
20149
10932
7652
-1
13443
8578
6941
13370
18018
3290
19801
19844
25873
5194
-1
18715
9064
12634
14022
14960
1371
-1
23415
26709
28677
13601
17178
20892
6889
8146
12165
23149
40273
2663
11939
-1
-1
28787
26737
2599
5238
-1
-1
2113
-1
20791
19964
28402
15561
10738
10140
-1
4443
13247
19912
4996
-1
3646
-1
-1
3360
28093
12394
27682
3303
3403
17537
10935
27635
11148
9102
15934
85840
2882
19764
14907
21945
16807
-990
-1
28326
-1
18035
26094
26453
14359
7647
23968
-990
11445
3396
16830
6092
-1
15168
17613
2463
10440
3967
-1
26243
19599
7293
8509
20447
28538
-1
13245
-1
-1
24971
-1
9802
12237
9269
5758
13694
9139
3808
18452
8172
18408
6739
9270
4911
-1
14363
10182
20030
20918
2075
15655
-1
7121
5838
22915
4855
12499
10307
4878
17546
6109
8057
19811
3016
-1
8953
13304
4165
20977
22424
10881
6143
7694
21110
15593
21439
-1
14605
27838
25803
11636
-1
25521
9388
14741
25374
9784
27286
5950
15073
27828
4448
23902
27785
23192
17633
4051
5997
26109
11336
8369
3263
5066
9726
1832
6535
23937
20061
23972
24619
10355
14114
23312
-1
15975
17710
4738
4815
6109
12722
9024
-1
17299
20143
24717
16654
90104
15772
6312
13301
25535
2674
7468
3746
-1
22660
16038
3431
9981
19095
8356
13133
9682
18843
24705
25643
12280
-1
-1
3430
8758
27469
-1
10500
19993
24520
12107
14430
-1
21708
25491
4771
21797
-1
26180
3215
10342
10542
11797
-1
25743
6642
22495
22156
22276
12946
17854
10715
12997
26266
3731
5223
26947
8334
20580
18870
22633
4218
14776
27528
27993
14324
13266
15123
23390
21754
22555
16275
28947
11542
18785
11417
18418
17575
28864
28220
23399
24034
18595
23725
8489
9416
4748
24098
5454
3149
11617
14338
2054
11942
26347
15316
7490
27145
50099
20442
7496
7735
3065
17512
23600
26316
17163
3412
1654
12679
27154
26305
10469
21565
3561
26229
14053
18241
29477
-1
6087
29197
17610
4968
28403
24256
47272
20525
23787
9496
22292
7147
-1
14140
7199
28859
13861
-1
17538
1921
4769
19154
-1
2183
19390
28687
13239
20294
18522
8972
25633
3474
13561
18422
17874
25001
-1
25672
28382
2954
19931
-1
5790
8895
20826
13819
23022
25617
24830
15176
-1
19994
6068
25228
15398
29272
5410
17933
24059
17012
22238
-1
8861
21515
13762
3330
6483
25582
3963
-1
19196
-1
2371
4108
24882
38663
7982
17733
18924
3264
13676
10765
13347
5482
2044
13862
9760
13744
6039
16709
2858
25413
22117
21265
6259
11472
6927
24056
19070
-1
2084
16923
19102
-1
23126
24886
4565
19698
5811
17464
27504
10097
-1
29404
23515
16023
10140
21109
3886
16070
28862
1663
8817
3344
1779
27606
-1
13622
3839
27466
7306
20873
10263
29153
10569
9315
27273
3103
27429
3810
6071
7189
8367
40998
20529
22790
28632
29075
-1
28320
11037
-1
22502
14236
12055
1950
24971
25580
23492
18210
13628
24863
10694
17973
5086
10146
15808
17929
-1
27491
24632
27776
8626
25358
19297
10593
15588
25476
7969
12054
21910
16661
7093
17031
5764
13617
12212
18486
-388
12099
17870
6672
15802
16280
5152
-1
4296
6670
1680
21396
25806
11629
18639
22194
13079
-1
27474
19167
4965
17457
22877
15789
-1
9942
23403
24955
3004
28094
-1
28172
23613
-1
21423
17021
25020
16702
3893
12950
10013
27316
4526
17986
22107
11006
22322
13065
5734
21924
11424
24973
32313
6865
6831
5611
-1
99916
28024
23148
6011
20909
14212
13255
20496
8911
6427
14855
17225
5309
26052
3647
16483
26857
21184
14332
27489
17812
26821
-1
3635
29427
-1
24440
-1
17925
15578
59052
27247
21558
27630
12690
18914
11666
13224
9827
11276
16788
-1
14203
10862
5881
13372
22115
-1
5704
4334
3945
28150
7749
2699
21210
13196
6239
-1
6602
35553
17658
-1
14080
26849
5132
25180
4328
23520
14384
20756
2173
19923
-1
21425
5751
12397
18723
19610
7819
19116
4951
48494
2417
-1
16905
12511
28511
24539
4395
24177
18010
15213
13985
27862
-1
5770
-1
21401
16088
12180
29499
4854
3949
-1
29248
-1
24897
5022
25936
1898
28233
20592
26408
27038
25245
6683
14976
19357
12580
15829
27890
16315
22503
18527
11490
13599
1642
9418
9260
5455
24870
25343
27814
12871
4954
25931
12003
20879
6154
23830
-1
20851
5230
7098
15546
8934
-1
23075
2327
25218
3747
-1
21254
21048
14217
24674
20338
16531
5672
4255
2272
19445
25287
8078
16822
19899
18768
26786
4856
3526
22553
22361
17432
11942
19949
5681
25004
-1
9117
26919
18707
14186
10087
4625
10122
17803
12237
13114
18940
26799
28815
-1
15934
16591
7296
27532
14203
28817
11037
20730
7440
22650
15793
-1
10383
28756
17163
23883
21219
20569
4174
20393
13572
24684
24676
12729
17825
7151
26289
21104
16706
6211
11173
7013
28808
13466
23483
17073
15132
18367
16726
14550
2619
7746
-1
18630
4358
59410
7556
7660
7155
20362
15643
7479
29319
10693
17803
27542
14629
4799
22057
8400
22618
5194
22848
9784
4667
7937
23047
-1
28649
20294
21233
-1
-1
26177
26854
-1
26666
-1
3120
25115
25597
83966
12604
22690
28437
22233
27364
17820
12455
-1
3812
4839
19161
8819
10144
4973
26063
17020
19795
16495
4171
18266
11255
-1
27685
29065
-1
5328
27739
25129
-1
16793
7647
27116
5885
4299
29604
1743
12765
11596
-1
23995
3466
27151
19097
13755
-1
13498
-1
10731
-1
-1
26340
17400
26047
19161
12926
27395
18127
17941
13617
26491
3952
-1
29397
55168
27648
25225
26431
12315
-1
3741
8017
-1
20685
15025
-388
25573
25367
-1
18139
12765
10739
11614
21950
22593
19862
22590
5986
13037
11796
8529
-1
20475
18696
5978
34162
23027
12522
16424
18760
9148
27076
28902
-1
3562
23899
15432
11167
26309
2955
2748
4518
9260
23607
6892
14614
8249
17523
4041
18602
-1
2910
4932
2749
22684
3109
19896
15064
-1
14884
21343
28811
24401
24272
-1
29588
16378
2630
7258
7492
20951
16464
1844
84088
73020
5310
13757
4393
14425
14265
23054
22833
17491
5094
1696
14067
9669
21708
22026
18864
11800
13768
6882
17727
16466
10755
24430
22030
28665
16036
24381
26734
14417
1982
14191
13616
4603
19834
14779
25704
9451
17494
14015
15622
29009
23924
7217
1707
25569
2992
11116
-1
22860
28551
10661
6048
19812
26016
1712
23074
9025
7860
13198
23991
5503
10242
16542
18103
25781
24592
20334
7893
20561
29227
15814
6301
6564
-1
16240
7321
29451
14376
22591
26208
19313
20577
18569
16002
24549
8112
15685
24747
17116
15765
15886
9205
12351
28842
-1
17753
13290
22229
20006
20113
-1
17923
18629
6713
15567
10358
6004
18811
22430
19996
27370
10631
14706
18732
8087
29464
3533
-1
3382
19748
3957
20850
-1
56483
7105
5614
47549
-1
26867
11181
4059
19443
20777
-1
17746
24014
4024
14345
22708
10892
24805
14136
7813
19010
-1
5560
14172
16342
-1
25169
10563
23500
27511
1684
25184
26944
16731
-1
24709
15263
26436
2502
22181
14544
-1
22684
16116
8310
7641
12227
21707
13752
5393
1700
17325
19182
84046
22934
15843
73358
20724
5744
5700
6766
27931
4879
23298
23894
6925
15518
9199
28439
20376
-1
13132
24915
9910
14978
17768
16774
6703
28401
-1
10572
13520
6993
29441
21425
11457
7772
-1
26684
6411
15905
1772
21592
-1
9610
26579
8003
24873
14805
14615
-1
22535
28087
9578
5285
25566
17165
13721
3524
-1
8592
8517
-388
2302
6735
13814
2325
16631
17373
20341
6972
24465
6455
19401
9864
17508
13227
15573
13720
5497
14811
17372
19876
16212
27211
11073
-1
18466
13626
25207
11579
43680
10056
17797
8019
20082
16142
10875
22337
19494
15784
12923
12442
9761
-1
15231
4506
17408
1900
19125
17936
7529
19471
18819
23722
20616
15216
22426
25719
11767
12893
10895
15476
7860
26242
29261
7417
6909
6919
12463
23588
9052
-1
8316
13000
3936
12087
10103
16485
9460
21867
29593
17822
-1
21228
28484
10398
6794
-1
11831
15735
-1
5568
8177
-1
20036
20359
9898
12648
25798
26433
24413
-1
24015
21371
-1
7977
4211
21214
-1
98467
28331
16537
19496
-1
23263
1752
-1
3120
26368
26651
19225
9778
26792
2813
-1
7029
12002
-1
5520
25564
5101
-1
6289
21348
11310
24413
4529
13472
28264
18564
9090
13554
4387
28623
26821
27304
21385
3359
17192
29001
23601
-1
11564
13488
28473
5835
8463
22764
11880
13296
24915
14390
2238
27148
28265
17608
25607
24435
22465
3166
7500
21922
15445
9660
5961
5911
25783
28625
18190
-1
8430
27817
9856
2493
12430
-1
16828
20117
28133
6147
22648
6813
8678
19904
19100
9964
15653
18778
19126
25887
4814
15209
29388
27040
88015
25989
16671
-388
8834
-388
26348
14385
10208
11699
22227
2551
14357
23517
27545
13937
19378
27846
5669
18410
2194
4607
9895
-1
2770
20356
25568
16059
-1
20185
15123
10365
28107
16754
13560
11576
6900
13522
23537
21957
15058
6211
16342
23051
8569
24547
9748
16138
13566
3930
25849
26074
20156
25604
17490
15080
16689
1705
24215
18085
-1
8215
12653
26740
13061
29048
20748
2691
-1
6331
6925
12486
27879
7731
18653
16880
19149
10842
-1
27997
12102
16234
17743
4592
28446
2735
13400
14017
6381
10035
-1
26968
12267
7947
10681
25678
3268
3609
18760
8778
27252
9415
5487
2940
28700
22144
24454
3789
12758
8900
9518
5686
12545
8378
10182
25392
24733
5880
24874
-1
11782
-1
13740
24450
17752
-1
17752
22665
1690
3643
-1
12090
-1
22150
10486
14923
8630
16769
24324
28806
9522
26985
25636
-1
3390
19635
26333
42669
6839
-1
4096
26871
11061
17217
4215
23938
23589
7321
25195
2122
70964
20086
2908
19118
18237
8933
10781
10725
5587
10270
25545
11995
15026
2489
4429
19321
18635
36773
18130
56483
-1
21908
16213
25185
17886
20046
22042
8121
26614
25645
6814
23866
5956
15898
6214
12964
23754
8780
21681
21365
27096
22102
27833
20479
-1
2772
17209
23372
14081
10759
1104
99254
20937
16567
-388
5230
26726
8174
28781
18576
17458
28651
20869
5521
13901
18408
15509
14960
5472
13666
6376
15220
1671
26341
23561
6342
12697
5112
25357
2525
25835
19931
25644
28561
16500
25176
19865
13604
3389
27875
87720
68552
20010
19507
26372
24848
24870
7324
7486
9983
26221
-1
79512
20846
18633
3222
11898
9266
12949
4856
21038
28353
22235
29340
25756
14071
14647
59834
22500
24683
11853
14277
18203
14519
3389
20280
12463
4549
27817
19154
6974
16441
2249
24718
4649
15335
14949
16691
26144
17242
6509
19559
-1
24174
51948
13256
14796
24306
23146
21970
23997
2706
-1
25538
3899
6753
3911
22306
-1
6779
25185
20101
16559
6549
24466
-1
5538
5511
5436
27653
5040
-1
3556
-1
6181
-1
27951
5812
4893
3284
4165
29170
24427
66394
94734
22046
10308
8086
13324
9715
13030
25217
10695
23182
-1
17818
12433
27194
-1
18612
6815
8126
27474
29085
-1
15210
25809
20287
24464
24571
-1
2360
17480
11747
4295
26573
9412
13036
17701
21944
-1
24574
-388
20596
-1
22080
3167
5259
15237
17064
16217
-1
5500
11395
24987
-1
11372
21220
7233
14173
26267
18827
6818
10347
20898
2400
-1
3812
25563
17293
29532
7333
2626
10809
17672
13106
13702
-1
13569
62509
23197
6926
64717
18510
5468
25211
16244
4461
-1
2286
20584
14452
19827
24855
18250
20506
25737
24647
8430
21695
17335
9048
23679
9757
16280
26928
-1
13524
6577
9629
14692
23893
10060
26117
11428
2581
75769
13419
-1
24190
21512
14072
20415
24451
17811
5027
2212
26444
58276
9626
6190
18054
19305
16392
19713
28741
18184
13607
-1
18097
18391
-1
60013
28366
9737
7883
20974
22037
28359
2511
2799
24100
27735
-1
16613
5881
18680
22520
7297
9863
7761
17485
87874
19107
2334
26446
12900
29379
10397
7349
27029
17730
8104
2939
17422
25857
13677
39683
-388
26029
9028
17461
3833
28635
8687
9518
26250
24474
12243
19701
6019
11281
6494
9925
22634
25888
19239
20081
5090
1006
20821
-1
48428
23447
25261
23270
27333
12445
15290
10080
24672
6491
22688
23576
2382
4097
6965
3000
16035
26439
19017
-1
15687
5487
17295
21501
8284
2654
9105
5972
12781
-1
1908
4717
16655
15180
7670
13771
7148
10707
16535
3930
21748
2628
28424
2479
10299
14638
13861
9059
15795
29076
4298
20732
61057
22833
22673
4039
24929
19151
5136
14536
28625
5757
27532
29109
12427
16760
21641
27327
21120
4158
25993
19789
84990
15892
-1
13058
28524
17767
28956
9346
9870
-1
8015
19765
26749
-1
1837
17740
