155
87
25
46
23
153
120
4
67
148
113
33
91
82
52
50
64
77
140
47
80
72
117
118
161
162
53
60
75
149
84
122
19
17
31
129
157
106
98
15
11
164
65
90
9
34
127
78
131
156
62
136
138
79
143
32
40
20
89
99
100
54
111
152
96
105
88
116
6
3
86
73
68
85
109
24
76
59
14
154
43
83
81
71
38
166
10
63
27
39
104
158
115
44
56
18
142
28
2
58
132
70
159
150
163
135
133
7
8
102
112
48
35
110
5
128
66
94
42
139
123
125
57
41
124
134
37
151
144
22
16
61
49
126
147
137
145
92
107
114
69
146
119
36
12
130
93
141
13
103
74
97
51
108
165
29
160
95
30
45
21
26
121
101
55
1
