53
13134
43
1219048
1668038
22219
3961
20567
1614928
785
6343
285376
453
5635
5289
4259
198
1052
21587
28444
5445
116083
187
1509347
1009
1405
98032
5042
13
23
4277
36743
9179
969861
443
7181
532
403354
1887
38717
119627
1040
510
1243527
79
1234
28
12785
7535
281
1112
43281
1293485
3257
1425
568202
145461
2769915
113
697
29
1205
1475
1066843
990497
764
79
3846
3245
1459
28502
123997
121
103230
4939
1266605
61537
113
367
780
326
56927
29
133
3527
35
15032
118
17
41
278
49
498928
1506
286
13868
39
2387
128
146675
85347
308
42397
436061
5743
712
3978
14871
5690
911505
388079
55134
37957
9605
33736
149
10668
53122
46827
137239
47392
150323
21199
33638
29
4406
178
1632243
12439
221
26
124
181
4853
475
1385605
122353
214
44093
111
616
241
72723
12757
482
411
553
26150
2418
5104
178743
755951
1186017
8275
6169
15203
15268
1392001
26333
194
322201
5157
541734
46523
8062
11614
257556
446
241
129002
10809
25121
3745
4595
107
485123
188
355
326
4013
295
32567
80
3627
403
59
151035
311
289
25691
1956709
8414
956
222077
27032
28997
446173
5848
1054309
2128129
59221
895
1827
125
23240
11032
27818
26479
164743
17977
8455
471255
3084121
2827
1222
1247
15241
9083
2701
3565
23994
4357
5089
5134
6605
2064049
5419
2448
193
173
1818231
23
9835
55
589357
55
457
669827
35717
1588
30
10811
5702
36
40490
193
1135292
16883
187
36773
27
157
879
3161
1483
48159
74251
47551
1198045
67
297125
2709
195
10063
223
10827
7146
13
492319
32
75
702472
422
6587
40
590519
169
10246
56701
39477
1870
7682
249
1401
443
583861
162028
4753
59
215443
1043859
17740
228227
16
207851
9901
1117084
64
409
249637
62
1600963
520097
21638
1048122
43907
59
178
84
5483
683
739
6193
9318
125
47
57
76546
27989
149
1031047
16170
1181493
19490
130
6507
22466
1627
62245
996159
88698
496763
1258
313318
1387
320857
9749
282
1106478
60475
38
945
1293
1955
4106
8175
156606
1331179
553339
847
1469767
2923
157939
12838
5582
2329955
123
2213191
52270
97
23086
4159
55
1992422
2753
1072908
2639
804427
271983
108061
504
246
1225
1297150
28358
263681
315
167
101
108773
839875
611457
408113
38
59
45498
77176
5851
77
372578
47546
638
1645
176951
246
121801
434847
223
545
43
1364865
31
258717
5640
111551
7886
1915875
765
403
56245
534096
11334
31294
11677
817
707
20686
257
57
6229
318859
107
110757
255
1373003
1504
130
35
50
81547
1103
1505
12215
318
1874
30341
27
1257584
4918
15737
1136
31
690
47
1886
868137
43038
86
4201
32
12931
252
1021
15344
299
8378
52997
512803
387
29
4529
5239
397
107511
31
26
22
5446
467
335
589639
6603
22910281
14323
1235
1323
1064484
178503
1663036
134
5747
44
433
40531
417
132739
4370
1536
29615
65
805723
175
287645
3435
1805
44985
138287
1383320
539839
347995
