14258
7120
134774
13855
6377
15887
41
1594853
3309
782
1343
747056
6222
92452
84773
7863
1331765
77
193213
48
533
120406
76947
15
47
601
1889409
235670
50927
10165
4696
244
5283
3899
39
90431
258
4557
1058
14198
72
184
2229
52
2501
1014
1435429
1367
396
5354
4144
24061
149
72840
53
1998
334139
28719
1232633
12011
5207
1647
31033
1135
37285
3159
28
1304341
527499
4196
363754
2460
6238
173
1815525
472938
13
189013
16
839
10130
7506
291433
2407
2349
3459
17444
34844
2180697
63244
404
47
917
152922
37
43
50231
295394
46
19
1700233
466
7402
1003282
1777
842
475
327172
353574
9
114877
96609
10177
1422
9267
167
3281
86
414
2567970
44314
511
1401
237716
107497
2889
369
455
209
5239
261871
4804
1496267
3971
4134
191
7225
930
1689
111
467
1104881
362486
291
11867
6082
56
11763
60683
9703
50
9293
1250
582742
80
193549
11
1677
1351
985
1498112
612
946486
16
59414
106141
35481
553
326008
153343
4059
3961
291
1121
2515
487
1320571
12467
62
10447
1121
13
295
865
116632
464535
4
526
767775
12874
1019
130
49
2026
14
38025
43993
33764
4226
392321
445
25
325
48208
3698
1404
971
1466
31
184367
367
441433
876099
380463
1280
5263
544602
173
15
32919
1891
14746
130595
47
53949
20
650
48921
359379
139
2385960
35
126193
37488
4001
1343667
106820
476
133
358735
1586443
62
2952
139
2181631
107
6918
317
149
2095
16876
14549
309
1744
369
56
389
37
967
913
141221
1387257
304
33985
304
33483
64187
1240
763697
98075
2757
211462
17
129
29
9497
180973
1266773
381
60
16231
6025
7497
128
353
19915
1759
781
29
2172
1403539
17491
111517
266
897451
797
52082
36321
16082
2143817
749
39
34
80642
26
14071
3982746
36
159
681819
39
37391
1734083
362751
215076
12577
215
467
157567
14539
6356
16109
22346
324
32866
114
408
419
26598
5243
1404
1458328
2270072
30260
1529023
5328
388175
431532
24
131979
46091
1998
16916
1156693
272918
36
1182416
79
575
98
578162
375
315637
427583
2933
69
23
187
146
405625
1086
4189
1466711
287
242119
52807
460
3435
32
34801
352919
560
80373
154
467457
27796
2501
192203
1101
480295
2802
35866
9311
51388
845
740380
423
1625
55913
162
19308
22885
310
1239707
9847
565925
95147
470663
1347
529
89
123
1123
1236076
13155
31
15529
21
380780
7834
61
16964
65918
3480
302593
668725
71
1356881
1697880
8431
31
44079
260345
147103
1399777
471059
47
26
12505
316
1044447
138
525872
154
171
13220
613211
24944
15
49623
3175
11300
423
36305
68067
237
517077
448731
27
404423
38153
15242
121
29
68
162957
4835
128
3269
115
83022
23
479498
498
8601
2255
118079
321
18217
14993
10309
826438
40
48253
2825
10987
145407
337
17101
90
1829
111827
1915
9535
1082768
1327
8812
351355
6098
26421
6635
32465
596
14235
28001
2149835
17
203417
2447
95225
