159108990
218223162
197433367
160000000
571428572
119760480
111479309
480422773
116454429
444444445
116747417
115540151
107951142
141552835
182867392
2222222223
133184762
122466475
208550574
287769785
512820513
168229802
176293776
104798520
298507463
103448187
15376454036
213652388
530926467
325671902
190657770
307692308
938961406
153438833
118405628
521116555
120373882
104284699
141542817
111526237
104349823
100185343
116067854
104537612
1912960307
115107914
8964589871
148867676
203314019
246913581
127145582
1176470589
204317787
686577412
165578773
185222059
100974403
126823082
134861767
104657248
174809895
122496479
134951155
474935291
477817331
119402986
95238095239
256739410
99502488
209489893
358301900
107568817
563380282
139178845
147201588
125182297
615384616
204693940
2857142858
239885815
296387189
110122639
150375940
103193850
267916946
476334511
253164557
173474831
103252453
184459304
137931035
149130310
309506492
305286696
952380953
154404386
512820513
214968239
119760480
289855073
696944248
363636364
169271043
364298725
331366618
107123728
104325383
179286976
4000000000
107950559
192548378
142483521
1176470589
530082163
111731844
123354680
10256410257
192492782
339904249
130975770
100502513
189600418
1848847475
689655173
108108109
7667153531
786178974
104805325
214362273
1082075421
233508465
1175965615
172885503
205107169
313038035
113320869
101999705
964501522
156444334
122123906
145985402
126823082
346620451
370438971
140154170
110729893
111296606
485824964
430359172
40000000000
115606937
114684818
425531915
165289257
281690141
1531981258
4000000000
111690344
308104362
234733244
180644486
158895246
114285715
184506952
2739726028
118133491
682256222
229489387
646621404
145807666
229885058
304414004
100416730
163047462
408163266
215724831
120089013
207634729
363636364
329489292
103039671
444948720
151094252
131109378
216302738
158373066
281690141
312989046
117762099
158604283
352019714
235294118
166071577
952380953
180180181
520895054
266666667
129036421
103847374
345423144
107060650
155647341
118532567
133001867
159616920
194723007
264064401
312622119
652556226
323157064
116218258
183000197
392156863
157759811
246913581
165289257
350877193
336077971
307692308
397511578
253164557
146520147
107071775
142826538
244741126
1134801351
658544617
156128025
316005689
108873163
465116280
417536535
219780220
194174758
137931035
157245067
689655173
126329540
127374743
119147831
275444154
199004976
111875876
929800093
114285715
310796930
106497010
203045686
467985028
120503706
301977956
511332405
352005897
164174094
189625045
886132034
190458052
143884893
115606937
293526278
205128206
112836889
354684766
110497238
117529530
132450332
163122824
177792792
270742607
115807760
1002260097
103857798
130056686
116959065
208903684
1076800074
104112442
307692308
952380953
118343196
253164557
170198281
214644209
670016751
255235193
145032633
145985402
268073984
202634246
788596889
368663595
129410471
122699387
1251826885
177842592
215765326
3426593795
289657560
1818181819
277739203
5128205129
198657375
380589915
302571861
543035569
143884893
160513992
8474468545
574103896
139422374
243270529
221704911
126552875
344887466
102949551
132450332
1493651980
536193030
158924779
253164557
113979598
983767831
508001017
236658384
113858563
3548118699
253164557
111104939
819513267
178412133
647249191
105236019
971019911
338983051
115594709
120700061
1607587815
318223043
105356149
571428572
952380953
929800093
217720252
147819661
112170500
1081081082
1834862386
259453850
232828871
238574062
143153676
1176470589
247463193
1052631579
146874151
219780220
247060933
1998261513
2887252779
147443695
57323015191
171306210
365965234
112930548
156617072
165954446
119269333
1101817283
476077125
191699581
7905138340
101744641
689655173
433839480
787020459
1087547581
105982894
124223603
304761905
196656834
114285715
566572238
137014456
740740741
376647835
3278688525
222444667
114209358
205716661
224173780
207705889
112119565
291467437
216381602
1286173634
405885338
413978309
102801337
6079027356
108108109
232747586
133637609
722021661
321027288
4000000000
215053764
103573279
155911016
974792358
138501278
236208384
402503573
2366228245
173827642
171190373
111800548
119302344
208240060
1052631579
144748699
221483943
187714693
164461499
104588836
194174758
175432903
111089246
430015051
7550018876
141843972
178975722
1052631579
800000000
172522364
225761409
132954582
105820106
429276669
151733556
119760480
645161291
174477288
99502488
320074924
105695565
101265823
139860140
167644594
858369099
357839815
121497626
487804879
371057514
110030641
143998849
152788389
115366202
149288380
100351230
229093763
170940171
122473975
2656042497
180180181
145719490
109775510
110053376
1124641170
1916994154
111513800
1928640309
102822848
123812177
100601041
213666882
446453486
229930489
174947929
869565218
225479144
135492176
445107160
126033396
99502488
2061855671
271612883
1438217761
1600000000
144650803
100575746
155431762
270580707
913242010
122887865
160000000
296037538
289855073
962324978
129617628
139986040
