192
1
294
97
909
896
140
15
92
209
653
171
16
4
101
474
33
382
47
5
19
625
880
593
555
9
399
74
875
262
17
165
2
444
223
7
3
287
293
634
17
2
37
740
9
274
25
31
620
5
25
16
450
7
93
464
61
409
503
915
10
926
665
134
173
738
264
155
855
28
143
233
543
468
21
191
35
2
3
136
13
125
71
209
7
17
157
881
151
15
615
47
381
595
633
152
138
547
106
13
12
1
190
723
4
679
5
5
27
71
53
725
5
232
13
3
5
376
82
675
35
53
247
841
261
32
395
419
11
31
85
10
695
17
447
26
9
6
590
4
12
33
659
41
265
210
632
85
1
461
11
165
3
677
191
190
356
141
632
55
664
95
34
183
629
599
3
662
2
788
8
7
869
107
1
222
140
378
12
919
903
340
41
124
651
605
29
287
17
289
119
66
322
26
482
1
237
3
329
10
3
13
20
4
226
5
80
495
111
128
959
293
625
113
40
191
3
314
32
101
771
223
91
85
531
3
58
209
825
206
1
74
23
263
23
481
911
299
241
16
105
3
719
162
26
46
23
26
41
6
379
4
4
544
275
139
3
919
4
58
1
106
7
29
3
492
111
5
137
380
75
83
3
71
110
18
16
187
893
27
929
464
303
583
5
141
7
253
234
173
13
3
664
5
423
463
41
7
442
598
1
777
5
545
497
738
431
15
321
13
1
370
907
26
330
38
3
551
394
4
223
427
73
5
36
651
619
186
46
193
23
186
209
7
89
819
13
926
999
724
6
496
282
35
133
515
912
104
639
77
30
7
55
490
854
61
45
73
123
201
4
631
1
236
33
195
359
241
583
961
465
431
171
767
283
32
191
491
428
41
15
244
371
105
3
272
780
102
18
415
286
6
55
196
563
22
667
347
621
121
620
118
47
265
41
917
29
67
426
339
11
5
353
29
594
59
572
5
176
94
41
445
152
301
517
7
2
23
305
2
160
773
5
1
313
43
955
5
129
112
30
841
43
1
103
29
259
143
19
80
38
49
257
957
7
119
245
332
413
984
25
537
967
7
163
886
25
103
75
698
789
21
297
1
216
17
435
2
18
11
35
7
45
619
5
80
159
2
139
43
31
425
9
41
10
301
308
978
