533851
7987043
67787
24269
1359119
9341
11366
3690091
3696643
21415
78328039
1178945
611387
69798
2565307
10524586
55297884
39279995
127077
1243527
979740
14420897
42766
48708163
56039
103419
161562
3881283
164296
38131
3210137
48119
16477
5775224
411864
50663
9098038
21823613
18080958
16761
217204
4254175
1236157
41491
752125
142196
13841009
13238268
131951
1047339
594487
158771
485791
141069
376795
4998742
1114755
75700
4189376
5886612
895104
15258
23257
196535
4968722
32937997
125639
1581066
4234483
69817
1891784
5553500
6266084
86581
4634591
38267
32185358
21639283
51903
9075
149353
1000579
14179
46882
5126141
753363437
5286561
8981
44848702
7285137
7690
15739
167723
3121636
7590975
5466524
2563732
31946
12924
11915
1725245
704257
184013
1365444
33389
1542104
31477
402587
42656
9482122
1232390
119816589
725713
264839
107264
640274
4601
733110
24216
1009512
135301
2203236
13045
28188
537505
14170
4635249
2863871
20111187
32568377
121825297
644861
49145122
633737
79151
6336597
6404
5368369
237467
77143
549209
541186
21696
40691588
1302701
89590977
1044157
1031713
1468
170100
27503
6062735
6631
2308888
50027
89614
4148064
6045644
4552019
62873
8114885
48863043
500960
35170
55609
33339713
22670
1178326
44337
7511
531343
1552999
28492
380837
17180943
43763
192356
39979
10789
26894093
54460132
3759290
11451
17683828
54298207
2990311
1262074
19522
17857
59213
1417561
448927
3693842
7735499
148042
35431
20362
2927799
164983
12769465
13031687
2312927
22990289
18660915
155859503
6914061
52129
2193801
8804
12101
183740
134021
3253133
1327430
166583
67801540
28110
1067944
415655
11583
6668653
313965
275140622
2748961
323637
33719399
8602390
598099
3128691
9697
4357
9766535
17623
727039
383899
2014747
17911953
6710051
13726
665014
14601
1030903
1613148
130943
28199
93848
1319411
403445
27643
7860274
619549
451463
3587095
12058
60110
12085
11667
968063
7121
588464
1207416
2898486
231424
12755
48551134
12579
11104
1243276
27201146
22179889
32959
39398348
10979
76571
20044819
49381
146333
35084
12734613
1388220
835034
91488767
272325
35422
69754
809072
11850034
1123123
427955
155375
5626589
7667
16165177
200893
12407
38549294
12563780
56619961
1001353
277616707
8061
30567279
9415
13674328
32921
16123
4653857
3781235
95606159
15079
6751337
3333514
2505909
5180073
358529
236873
23364980
40143786
13797994
55163
1703575
49262123
150123
50796
7490696
57947
57575493
47542968
42072901
487587
11597078
35049591
134246
16727
873425
2254289
68586713
13394
77484
140062
45193
344943
426537
72622
63799831
6623
43738
17518577
13131
303725
39612
14875
218410
546811
8989639
12781729
169131
10910
3953483
27757
67969
405764
1247270
25609
16778764
1099351
1206467
18561
768383
5507
745147
22182364
6133971
12225347
12771887
6492913
51351313
30229
140361
12308675
424127
122413
1364072
171551
14185
132794
87646
44971
35204
1964545
9060719
1400321
438307
37957189
412009
40450144
17190
116866
1506565
16091
538797
18617336
6393
10685531
38872
145506
10778707
21759648
4115
1971913
10566
9753
49948
460934
113420
142599
49694242
8945092
11543
8130470
16303
1947537
11866
1613215
4500057
15631729
672836
3618453
2604619
1233491
298472
132983
59555
322684
52339
37298
16638449
42241
2079049
58683
291881
428548
241727
151583
1513868
182862
41739
2477764
13867
130300
1376057
4913585
4353143
49688
45115
35047
98279
33858881
17908
723661
1189718
12558
64063
10578
11323
45753724
24847179
618099
1563665
891802
2322841
11790
466772
40850
265988
1475882
946055
14014588
446083
40711
158907
3308913
40027
891443
726607
484949
540734
692645
17680561
1156343
528198
34189
7432097
52327
2824793
367907
10646264
10784
1601195
12073
