370966
41596
2036587
174979
2320595
46858871
7024199
49667
374109
277227
252077
63128
2136287
37563
1252794
215821800
13880
31626566
14352167
359843
1111981
7481499
21847
12019
804037
220649
6468904
13139
47046781
20721
37987
47255
418719
29207881
9088
164611
146054
165221
36140127
209822
11940895
359444
1046299
9300151
26098
3340929
20304764
448547
444139
11922603
110063
174923
307933
187305619
53343
8376409
47189659
25461467
17169846
10680899
117661259
40593039
148177
47979
19723900
7751609
2463791
12679
1753571
40054815
13906475
718876
18208
19377670
15790609
235742
17959
15148
4591952
170151
7094376
642559
44797658
172419
7519083
7277
7042
96517
13628613
1997867
26155809
9992
4029733
336572
53376274
1792543
16426
1567073
48685379
64529
1844373
39019
22738
45627564
387693
19574540
8172
13845745
29157987
8228
143808
10573
3231397
2766325
33892221
683086
118421
127975
60399917
3830635
5123106
1606843
59944
43401
11861
5708784
3505542
15780001
1140751
12291775
255765
21720164
5530171
3005071
4244578
397399
154712
16527583
4405056
30803497
206419
20267448
10611229
4869684
1570881
3885919
4184171
780998
494500
186209
17301
20119046
13467
54499
5563087
347681
538360
238701
19416048
2011012
1069997
5653
65603512
13496409
3412087
713393
530699
50746037
1520780
13475
305790
377803
33321828
9409
31384
27483288
24775
71239577
2860799
625795
4594
205799
858832
56231684
9334283
2957441
40383
368504
23189
9526685
10621580
1731238
511341
4052190
32677
42623
13891082
46261
5039264
25364
1269467
13414
162588
2377661
3615881
4640
12451
1610450
37081
14481
104315
19969
236762
12474083
12683936
144755
6271795
8187
1790181
12839
60314
7635017
3379780
9793
189785
10730
26751436
59521
49147503
21872593
41537
5382207
19059
185019
7877
1584361
87999
423534
12858711
3554067
120022
44783
11871
13067
22681172
39287
309764
6917874
69055168
1986961
10299398
34588
46104124
8220673
6342007
12219
2500807
25728
3609741
704797
431435
1077261
14937049
8118492
16796
47272467
1599145
322474
9293
18318219
315631
13950
7938242
765041
14527
14537
14312
51271
1377772
242946
42694
68403430
6370413
141521
7493
1775485
26465
20422231
41852009
2897018
90857
9177111
224833
2883815
11407371
130403
13625081
54459037
1569656
113206534
1584868
73492
36408
62573
59636563
14406620
66145
136403
330613
472613
405459
10000
97709
32992628
89815
14181543
29029
1656701
809254
26667
103455
1184
19330971
429494
6884
46892325
4006817
84839
2513542
2421127
44963
225470
56950
270943
1811212
30488631
329409
6437039
17513
4611775
365737
32101759
26777
10022625
297837517
539411
14602
7537543
8251
12722876
78859
23545
53334510
31765
21092147
6051089
12862226
43783623
48863333
1353677
600347
18418
10227974
10610213
29885
10027
2516705
223241
34304239
7593
30496103
15470
1997107
27807077
12838681
117772
1788157
45180407
187917
2806331
222013
1021361
12904
672317
6177445
548583
42380
20627
39503351
864229
877309
104272
1305413
33323690
34703989
603595
15740849
12351
430702
21988
16813
375917
2190313
64436
58039
14354
42363619
869465
28986
40032233
26873495
13082
1795819
68248315
35327
54782589
20651
412766
22493419
52471
4633980
1010554
110133
65730
43175
547712
8122850
41527
753730
16739
8928288
10884614
5968501
655
1818938
953679
94403
47157
18260
19076875
29301
61210
1244596
9525991
34899695
63816
14633
909681
1153847
18345269
64267949
34087127
13968696
107083
1036141
15941
214730
737701
42634046
3789441
348079
16744103
7766327
758144
2744182
9034409
127873
12062701
1649587
654495
4385089
387777
188082
11425
1950063
42319
762933
5859127
53107
14447579
19329111
3899579
320997
42102014
184715
10227551
232465
4923384
565136
5078793
70929
15240025
223979
65501
19048610
11323
79840
1146363
19585
4616663
