133333333333334
8097165991903
1407459535539
2322880371661
2766251728908
27397260273973
1437814521927
1452432824982
3139717425432
15748031496063
133333333333334
1135718341852
1009591115599
1421464108032
1041124414368
2962962962963
1007556675063
1853568118629
6514657980457
1500375093774
6557377049181
1093493712412
2911208151383
9049773755657
1168907071888
1539645881448
1906577693041
1105583195136
3120124804993
1378359751896
2068252326784
1843317972351
2361275088548
3696857670980
1098297638661
7490636704120
1168907071888
1247660636307
9756097560976
1211387038159
1129305477132
13793103448276
1446131597976
3159557661928
4597701149426
3752345215760
2081165452654
7722007722008
1702127659575
3100775193799
1129305477132
14814814814815
1214329083182
44444444444445
2628120893562
2869440459111
4246284501062
1162115049390
2902757619739
1074691026330
4282655246253
1511715797431
3129890453835
2424242424243
3683241252303
2670226969293
1530221882173
2663115845540
1826484018265
1619433198381
5390835579515
1417434443657
7722007722008
1484780994804
2713704206242
4987531172070
1158077591199
9569377990431
3294892915981
1755926251098
2649006622517
2389486260455
9852216748769
4938271604939
1235330450896
12121212121213
2103049421662
1391788448156
1142204454598
8658008658009
1401541695866
2447980416157
4338394793927
1665278934222
33898305084746
1568627450981
6349206349207
2244668911336
1218769043267
1465201465202
1122964626615
1478196600148
4140786749483
1017811704835
2684563758390
1239925604464
1951219512196
1023017902814
5249343832021
2466091245377
2076843198339
1399580125963
1803426510370
4158004158005
1646090534980
1603849238172
1363326516701
3100775193799
5012531328321
2333722287048
2111932418163
1867413632120
2098635886674
48780487804879
13245033112583
13986013986014
3350083752094
3179650238474
2317497103129
1668056713929
9478672985782
2460024600247
1304631441618
1439884809216
1648804616653
1239925604464
6389776357828
1829826166515
1230769230770
6688963210703
2496878901374
11560693641619
1576044129236
3110419906688
3590664272891
1716738197425
7662835249043
42553191489362
6968641114983
1017811704835
18691588785047
1728608470182
1292824822237
1194029850747
2980625931446
2383790226461
1544401544402
1198322348712
1417434443657
7168458781363
1403508771930
1115448968210
2751031636864
8968609865471
1184132622854
1163467132054
1676445934619
1078167115903
3305785123967
1185536455246
7547169811321
4938271604939
1910219675263
1075847229694
4618937644342
1019887812341
13986013986014
1874414245549
3514938488577
2466091245377
1173020527860
3350083752094
7843137254902
1224739742805
1682085786376
3430531732419
3838771593091
1135718341852
1337792642141
1140901312037
2820874471087
1530221882173
285714285714286
10582010582011
15748031496063
1813236627380
1339584728735
3552397868562
1112966054536
74074074074075
2219755826860
1826484018265
2010050251257
1182732111177
1000500250126
2691790040377
2478314745973
1146131805158
1273074474857
1209921355112
1055408970977
1158077591199
1120448179272
1146131805158
3514938488577
2051282051283
2094240837697
1523229246002
1609010458568
1068947087120
1087547580207
2350176263220
1662510390690
2971768202081
1710863986314
3669724770643
1179941002950
1122964626615
1463057790783
1473839351511
1790510295435
4750593824229
1668056713929
1024065540195
36363636363637
35087719298246
1173020527860
1098297638661
1986097318769
1958863858962
1099505222650
1502629601804
1441961067052
4474272930649
1994017946162
1823154056518
1659751037345
14598540145986
2301495972383
10928961748634
2853067047076
7722007722008
1029336078230
6079027355624
1951219512196
1606425702812
2962962962963
1586042823157
1070090957732
1509433962265
1411432604094
1175778953557
5830903790088
5540166204987
10471204188482
1321877065433
1093493712412
1135718341852
2270147559592
1071237279058
1473839351511
1643385373871
1454545454546
1067805659370
3231017770598
2148227712138
1122964626615
5934718100891
2143622722401
12578616352202
1616814874697
1877934272301
3853564547207
1057641459546
1768346595933
3384094754654
1651527663089
17699115044248
1081665765279
1158077591199
1352265043949
1932367149759
4008016032065
2607561929596
2350176263220
2781641168290
1024065540195
1032524522458
1304631441618
2649006622517
4210526315790
11834319526628
1728608470182
1516300227446
4056795131846
1064395955296
1330671989355
1211387038159
8658008658009
1148765077542
4228329809726
3642987249545
1195457262403
1316655694536
1050972149239
1374570446736
1446131597976
1955034213099
1576044129236
1407459535539
1740644038295
46511627906977
32786885245902
1363326516701
1924927815207
1235330450896
15503875968993
31746031746032
1486988847584
1606425702812
7604562737643
7604562737643
4474272930649
2400960384154
1888574126535
1431639226915
1049868766405
10928961748634
2869440459111
14814814814815
1006542526422
1551590380140
29850746268657
1568627450981
1809954751132
9950248756219
8230452674898
4796163069545
1603849238172
5865102639297
3252032520326
1393728222997
2509410288583
11834319526628
2125398512222
1148765077542
2229654403568
9569377990431
1080497028634
27397260273973
4819277108434
1363326516701
8230452674898
1323626737261
1928640308583
6191950464397
1707941929975
1124227093873
1309757694827
1229256299939
8888888888889
4140786749483
21505376344087
3179650238474
10810810810811
1005530417296
1793721973095
3179650238474
1323626737261
1486988847584
1450326323423
666666666666667
1790510295435
3795066413663
1885014137607
24691358024692
1043296817945
4089979550103
1286173633441
1435750179469
1771479185120
1409443269909
44444444444445
4683840749415
222222222222223
1707941929975
1906577693041
4662004662005
1870907390085
15748031496063
2503128911139
1018848700968
1263423878712
4819277108434
181818181818182
1026167265265
1939864209506
1182732111177
1122964626615
2081165452654
9852216748769
1482579688659
13605442176871
1019887812341
1241464928616
1448225923245
2006018054163
9132420091325
5665722379604
1334222815211
4376367614880
5970149253732
1195457262403
1863932898416
2395209580839
3696857670980
20618556701031
3960396039604
2076843198339
2503128911139
12578616352202
4395604395605
1943634596696
3072196620584
1097092704334
4938271604939
1095890410959
1591089896580
1126760563381
1978239366964
1116694584032
2333722287048
2148227712138
1551590380140
1363326516701
3616636528029
5194805194806
1186943620179
1058761249339
1116694584032
1129305477132
1895734597157
3960396039604
2317497103129
2275312855518
1032524522458
2844950213372
1491424310217
1549186676995
4123711340207
1839926402944
1690617075233
1332445036643
1780943900268
1518602885346
1874414245549
2515723270441
285714285714286
5089058524174
3696857670980
1009591115599
1860465116280
1719690455718
2541296060992
3418803418804
6269592476490
2478314745973
1467351430668
20202020202021
1133144475921
1134429948951
1260239445495
2081165452654
4683840749415
4140786749483
1387925052048
5571030640669
1888574126535
4024144869216
4282655246253
2103049421662
1238390092880
35087719298246
54054054054055
1537279016142
2030456852792
13986013986014
1419446415898
1002506265665
1509433962265
