33248785
32362014
42834161
202255
298783
1950647
46103894
1599692
7134663
4909724
27412
43213083
40177
55439628
6935347
19956084
20535243
48791
21776270
12785033
4262277
1525559
14432
10517990
1543420
36921601
11529
14569545
11985315
34669
30016
5067301
933488
420945
1458517
13342151
2921957
55679
178781643
2449723
1023553
52287
408197
46672
49284504
84003
121379
1633371
69567
1664089
54047
52609758
20676
21505
26609193
895012
63905346
1469307
4644684
1004432
1736347
69431
478703
47443
27835
4157697
32643928
2161043
69083
114453
1694988
528148
3213043
11537
108938
737314
27107
73619
115602
3444910
1081015
454587
26957
320126
19986437
1169653
1396424
17982303
46516
11355685
1530331
340048
33701
37516617
16827966
548402
18713256
156394
28359
1251848
406341
10046877
82041135
41136
3173171
40593906
51783415
28788734
266597164
840912
598884
468803
51330
5637813
12397
8577175
15607
23501
9405031
1401196
63330
137061
7277039
4211984
18065366
1978191
55826123
333879
1388029
4522901
11897
45520
8422999
176323
20275
661938
32393081
6756339
4847771
13704096
37990
5163790
1282823
29180859
137605
24082
1620893
5233585
100611
98243
24134
50225
40817
109509
221020
136727
41655837
1674983
17393
196073959
2027285
27269
125161
597678
63760
230832
3154
28548
1668841
6645261
491382
4765495
283959
108008
36988
48876826
733720
110411
37024
4338099
7138078
1244345
25498
686342
12144391
48769
10794
6755
101696
11693
151267
1500961
39197
1023681
18877977
263092764
16162
2722053
12490769
3356767
13966
42233677
53796
13486
743078
12272800
12023497
1272013
43672
935469
521310
13574
56105
3727079
21014233
33426
17811933
3627653
43445
265533
30296883
50048
20788054
4054092
58263
970146
10938367
23782217
35300
484033
385890
2328624
1583658
63791
15182
65336
7599208
33706187
17648117
90682
9879053
25095837
12301
130529
25796525
41991
11147
919219
39827
42763911
84404
169907
482919
161527
954913
9879
34615084
15139
325856
4583273
100225
20723
42965
169163
63220039
16802674
1713371
1562407
2521035
148193
51191355
33642107
479251
291283
65165887
797248
49726
345425
8257
16109
6499539
13734938
34468886
13628107
502924
2203785
429113
35098357
53579
86812
505244
4657
27070
1395256
49805
30365764
333303
45786
944889
1699830
272804
29726
13910237
8079909
12890
39090
671883
8158
150933
4287455
54467
488528
266925
3151545
48853
2786017
9824
8222136
398996
20704794
2275523
21446465
47705
14681
78872
90577
7394863
1310303
3292981
4328670
921148
10489377
173041
22237989
5844071
21484
33116143
786512
29657005
17215
32096197
501121
54520597
37063
14598233
45373
146777
53387
11754829
12589981
15760997
2166069
1015205
1098590
32591
1247787
30995
530186
33047352
375265
670327
123103
16441
1223318
4331612
23604
8954
38753
534476
189026
1255997
17411
45697885
169064
4983311
42807029
2420
38477
728241
519643
82759060
9744
37385095
174515
4057
1445991
31336451
1378999
73234
31211
109295
101455
15575
2508473
30841
1337177
10719128
14157014
14722922
14368097
15449177
5550101
15857
360243
40033
443386
109999
52834
11090624
42564
56140333
18959
6022
2429403
362551
1113071
14546
58485
39837
7829
5494407
146016
3492765
359881
17842655
15585892
188994
12402467
1010431
192972652
9217
23467
16925450
23581
44437
49039
188773
1060405
181636813
38953
92178397
13724
1223615
64058503
50105
13500335
1509357
1320807
16672
4362181
629777
168567
10042042
37498
5146372
206551
2372767
95909
1198542
140231
197477935
576091
16050
34769688
98091
102926
13794
1075083
307322
13661
141899
1731446
35013
5454119
1998502
25915
458077
5191270
14894
1926608
198127
144301
34289984
16570
759881
536177
33592022
13809
31779021
1545379
5414865
321383
594745
6079240
4367952
47833
1519803
65579
38922795
2493319
