11236018180
12269938651
60123252668
10174958410
13166556946
30830892555
85422628455
10582010583
12903225807
14419610671
10050251257
12812299808
11422044546
17962834895
153846153847
97799511003
18825124011
10587612494
229095074456
10283305055
21505376345
44444444445
30816640987
13746554770
61919504644
141843971632
117439812097
10688156988
31583103040
80000000000
26867636589
42553191490
26350461134
18348623854
24059571500
41195493214
12129224761
18814675447
51880674449
400000000000
11554015021
10875475803
11898387769
228571428572
10781671160
194174757282
514006682087
35087719299
14477751316
17376194614
27285129605
17391304348
28874611998
26990553307
16634783332
106969032466
49006395335
16260162602
115273775217
19047619048
14814814815
666666666667
76628352491
10984001802
19818659268
28985507247
17619592988
16029494270
25974025975
530503978780
37735849057
18841262365
31354351201
10632642212
64516129033
10973936900
35087719299
14100693050
24067388689
33478966840
16016657324
13718362028
29615151112
30769230770
55663790705
15985932380
25916807050
10293360783
15748031497
272108843538
27521673318
18399264030
13131976363
13605442177
15036463424
20029844469
16528925620
12576955245
17391304348
14354410393
22598870057
132450331126
14595344086
36363636364
19366708628
33898305085
21953896817
32159511176
15040986689
10816657653
27089259109
33898305085
17174753113
11983941519
17969451932
92721372277
23220712876
12969327541
42826552463
14388489209
21211831960
12570710246
25542784164
44444444445
49140049141
10417209230
23844438881
14814814815
29368575625
23721978413
11447541641
36948087937
277430989042
16000000000
34188034189
10565240360
12822978778
106951871658
14440433213
29282576867
10520778538
14869888476
46620046621
9950248757
10666666667
14713455456
18198362148
64082024992
43946385410
13422818792
1052631578948
20429009194
11648223646
28453549581
33698399327
64516129033
16530155136
10851871948
13986013987
27397260274
42553191490
54054054055
21567993099
10152284264
29116319698
28169014085
12407178794
36443812752
19355463080
15541223095
10050251257
46511627907
266666666667
57142857143
39658933175
14184397164
18348623854
15978269554
11056871017
12903225807
25316455697
13149243919
35341308689
56247714937
30409001065
54054054055
12202190294
11834319527
10582010583
25743338912
61823802164
14763525235
17391304348
19140587617
181818181819
26402291719
10828370331
24691358025
10612275219
10368603868
15961691940
35733428623
11254924030
54659743100
11350093639
45320643554
10804970287
17699115045
11423545069
18816445574
386473429952
26578073090
9950248757
16299918501
16087386685
1207000603501
10674067354
42185192998
11757789536
14020329478
86956521740
91785222580
117647058824
11120378093
26212319791
17094017095
10325298531
32137290506
27210884354
68965517242
42553191490
10335917313
20140986909
32653061225
26615918982
11923925357
29669188548
66889632108
26075619296
14559219626
13012361744
12422360249
10695187166
17436791631
13793103449
105263157895
31746031747
24788369298
181818181819
61967467080
12524971663
16666527779
20202020203
45977011495
26990553307
23831937180
22988505748
18441678193
15826916838
12382290848
35087719299
10605859738
10322207714
14218380100
12018436282
74074074075
10067806678
24691358025
25974025975
19624581752
22786829213
12027181431
14289082427
40662803701
20335329585
12269938651
51282051283
16426699959
14695077150
14114326041
138169257341
17788371742
31007751938
12738853504
61235112214
21469132755
10758472297
56290458768
32684545113
12738853504
18231540566
40510431437
31746031747
14586828095
46189376444
15289234086
29806259315
16172070834
18905199876
10582010583
25974025975
12942470718
25990903184
89645898701
15540015541
28489622655
34182191079
18191575482
10201531250
50632911393
29850746269
17094017094018
85386158904
30218327416
43010752689
12015620307
10810810811
71821022014
13422818792
33555357952
363636363637
18018018019
33573946618
16819443277
82270670506
67796610170
16260162602
10527978102
203873598370
13860686243
117647058824
12937531131
20512820513
15889409709
21052631579
33911524832
86580086581
29850746269
10526869836
10256410257
11560693642
79522862824
15037593985
13219557013
533333333334
15186028854
11827321112
10025062657
11740534195
13183915623
49841752437
10695187166
222222222223
17902057842
16680567140
10521332001
10256410257
12070006036
127836369448
64516129033
16503011800
11689070719
12063453767
86956521740
15312763189
10821866664
10256410257
10555036600
1818181818182
16652789343
13577732519
12019953123
12507817386
75077893315
99502487563
17391304348
13985720580
10152284264
125786163523
37655564552
13071895425
10303967028
11834319527
15628662968
35087719299
10928961749
23529411765
11607661057
60114217013
14398848093
19912980277
202224469161
14652014653
27137042063
153846153847
13822177685
23612750886
19077962093
15503875969
37735849057
12650221379
15194104688
27851274196
25348542459
24600246003
10129146620
14388489209
33196673694
11173184358
13029740383
10697761494
141743444366
15392903872
14399159090
364099763336
19071231048
11191503411
12269938651
14933174047
19704433498
33898305085
14425330882
17474879861
11184744010
14814814815
222222222223
14378145220
13309642171
33199980081
126095454259
31109037176
19417475729
360360360361
29850746269
43196544277
16206142128
10552697534
64703979295
179227529349
9950248757
15371254218
13614703881
31284217113
20046106044
14388489209
16708437762
45146726863
15776603298
24743594502
17699115045
11425307056
116272309750
14074595356
10392309691
25031289112
95238095239
15818654940
142156514323
18926847734
19057964800
18957345972
95238095239
25316455697
18691588786
20908910333
127307447486
47732696898
24038172619
14399884801
734484024973
21460839334
215053763441
10050251257
35523978686
18348623854
14829094684
21505376345
11976047905
66487151359
18553736259
11716461629
28050490884
1538461538462
64516129033
44812906117
37404151861
73260073261
18676054497
17518197028
24906600250
26085822356
54054054055
36363636364
11173184358
11834319527
17050298381
16806722690
15588464537
13062504083
13060798015
