5
7
7
27
9
10
10
21
19
4
9
34
12
8
3
3
18
9
25
8
11
2
7
2
8
10
5
3
20
5
10
6
3
23
2
16
17
8
24
39
4
8
17
15
24
11
8
25
10
6
6
17
14
14
4
6
20
3
8
11
5
9
5
12
7
7
16
8
14
17
22
7
11
21
9
8
12
20
24
40
32
7
40
41
10
28
2
19
24
9
9
9
17
9
19
5
24
2
33
18
8
9
13
13
10
21
10
11
18
11
40
3
14
12
8
10
14
15
10
9
8
11
38
9
10
5
7
15
17
23
13
8
11
37
6
5
7
20
12
19
13
6
7
14
8
17
6
7
5
7
11
23
4
10
7
9
7
16
9
13
11
3
8
5
31
8
12
12
3
16
7
4
9
12
15
9
12
13
25
23
9
4
13
42
7
10
13
6
6
28
16
14
29
38
15
36
15
7
9
9
6
6
16
4
14
37
12
8
5
18
8
4
3
22
10
44
37
10
5
5
22
15
33
13
15
6
13
24
18
7
19
15
17
13
12
11
13
16
13
3
16
37
15
5
7
4
9
6
12
3
10
8
11
19
10
13
15
11
18
29
7
15
12
11
13
13
12
36
8
9
17
5
7
31
21
11
10
14
28
14
12
4
32
32
18
8
3
1
29
12
8
6
9
19
5
20
4
5
16
14
21
16
7
14
4
10
13
9
3
14
5
6
22
8
21
8
23
4
18
5
5
12
5
15
9
11
15
11
9
19
25
14
16
13
15
36
7
20
20
11
10
4
6
12
6
33
19
4
25
3
15
21
12
7
15
29
16
8
20
16
9
5
10
11
13
13
19
5
24
20
16
9
6
7
8
14
4
8
18
17
15
22
17
11
6
17
24
10
16
5
2
17
12
7
24
6
17
6
23
8
9
4
10
10
19
15
16
8
5
18
8
17
10
16
7
6
27
7
26
5
7
7
6
11
5
1
23
13
13
27
16
28
27
2
21
15
4
18
25
13
35
2
4
33
17
3
11
15
6
2
36
18
15
11
9
7
8
15
10
9
11
17
33
3
6
10
37
3
9
7
23
6
8
22
11
3
4
9
12
9
10
7
31
19
6
7
12
16
20
14
22
44
13
19
16
6
16
8
38
18
5
5
10
4
23
14
13
3
18
10
11
17
8
15
19
12
17
7
5
12
4
4
16
40
35
4
5
21
27
5
3
9
13
4
18
5
4
5
13
2
19
14
18
15
5
9
5
6
14
16
7
17
25
21
7
15
10
19
14
17
5
14
22
23
10
13
7
8
12
11
9
14
14
20
9
9
8
7
8
2
12
7
8
9
11
4
13
6
11
9
12
17
9
15
10
17
5
4
8
12
14
19
11
7
9
5
13
10
31
22
7
21
1
9
1
16
12
12
29
11
6
14
30
15
8
4
5
12
10
17
3
10
5
9
15
13
15
12
30
13
8
11
5
19
14
10
8
14
5
19
3
19
5
15
11
13
17
7
10
15
14
5
14
19
16
14
5
5
21
8
13
17
7
3
21
24
8
8
14
20
20
12
11
10
9
10
15
16
5
8
6
11
9
4
15
19
7
11
19
13
5
25
5
12
10
19
7
33
14
3
22
13
30
22
8
11
6
11
25
17
19
13
33
14
19
6
10
9
6
6
7
12
4
2
20
4
6
10
15
7
7
19
10
20
21
10
4
5
9
4
14
23
6
12
34
16
18
10
16
16
10
18
12
11
10
8
10
18
6
8
37
7
24
6
3
5
8
8
1
29
15
2
14
16
35
6
10
11
16
32
10
6
17
2
24
19
7
13
13
14
8
20
13
21
12
8
12
19
13
10
16
6
11
8
13
6
5
21
9
10
8
5
6
21
20
15
5
2
9
15
45
8
8
14
8
8
35
20
14
10
7
4
12
1
13
4
6
13
17
10
10
5
17
7
22
10
6
20
4
36
10
22
13
15
14
22
10
14
20
36
6
10
9
6
5
17
32
13
7
12
4
15
23
8
8
12
4
11
28
8
5
19
10
12
2
5
13
12
4
12
19
8
5
30
35
22
6
13
4
4
19
17
7
33
9
7
17
20
11
13
12
15
12
10
3
20
3
11
7
7
7
15
4
9
19
7
6
7
9
17
11
9
10
10
11
39
6
15
13
5
8
37
21
3
10
10
7
5
3
12
4
3
4
4
12
16
7
11
8
17
25
15
20
12
10
11
17
8
8
5
8
15
25
10
8
8
16
10
14
19
6
14
24
11
7
2
4
11
22
4
