CIRNO FREEZED 1 BLOCK(S)
CIRNO FREEZED 1 BLOCK(S)
CIRNO MADE 0 ICE BLOCK(S),NOW SHE HAS 0 ICE BLOCK(S)
CIRNO HAS NO ICE_BLOCK
CIRNO FREEZED 7 BLOCK(S)
CIRNO FREEZED 7 BLOCK(S)
CIRNO FREEZED 7 BLOCK(S)
CIRNO FREEZED 7 BLOCK(S)
CIRNO FREEZED 7 BLOCK(S)
CIRNO FREEZED 7 BLOCK(S)
CIRNO FREEZED 7 BLOCK(S)
CIRNO FREEZED 0 BLOCK(S)
CIRNO MADE 7 ICE BLOCK(S),NOW SHE HAS 7 ICE BLOCK(S)
BAKA CIRNO,CAN'T PUT HERE
CIRNO SUCCESSFULLY PUT AN ICE_BLOCK,NOW SHE HAS 6 ICE_BLOCK(S)
CIRNO SUCCESSFULLY PUT AN ICE_BLOCK,NOW SHE HAS 5 ICE_BLOCK(S)
CIRNO MISSED THE PLACE
CIRNO REMOVED AN ICE_BLOCK,AND 1 BLOCK(S) ARE BROKEN
CIRNO SUCCESSFULLY PUT AN ICE_BLOCK,NOW SHE HAS 4 ICE_BLOCK(S)
CIRNO PUT AN ICE_BLOCK INSIDE THE HOUSE
CIRNO SUCCESSFULLY PUT AN ICE_BLOCK,NOW SHE HAS 2 ICE_BLOCK(S)
CIRNO SUCCESSFULLY PUT AN ICE_BLOCK,NOW SHE HAS 1 ICE_BLOCK(S)
CIRNO SUCCESSFULLY PUT AN ICE_BLOCK,NOW SHE HAS 0 ICE_BLOCK(S)
CIRNO HAS NO ICE_BLOCK
CIRNO FREEZED 5 BLOCK(S)
CIRNO FREEZED 7 BLOCK(S)
CIRNO FREEZED 7 BLOCK(S)
CIRNO FREEZED 7 BLOCK(S)
CIRNO FREEZED 6 BLOCK(S)
CIRNO MADE 7 ICE BLOCK(S),NOW SHE HAS 7 ICE BLOCK(S)
CIRNO FREEZED 7 BLOCK(S)
CIRNO FREEZED 7 BLOCK(S)
CIRNO FREEZED 7 BLOCK(S)
CIRNO FREEZED 7 BLOCK(S)
CIRNO MADE 7 ICE BLOCK(S),NOW SHE HAS 14 ICE BLOCK(S)
CIRNO FREEZED 7 BLOCK(S)
CIRNO FREEZED 7 BLOCK(S)
CIRNO FREEZED 7 BLOCK(S)
CIRNO FREEZED 7 BLOCK(S)
CIRNO MADE 7 ICE BLOCK(S),NOW SHE HAS 21 ICE BLOCK(S)
CIRNO FREEZED 7 BLOCK(S)
CIRNO FREEZED 7 BLOCK(S)
CIRNO FREEZED 7 BLOCK(S)
CIRNO FREEZED 7 BLOCK(S)
CIRNO MADE 7 ICE BLOCK(S),NOW SHE HAS 28 ICE BLOCK(S)
CIRNO REMOVED AN ICE_BLOCK
CIRNO SUCCESSFULLY PUT AN ICE_BLOCK,NOW SHE HAS 28 ICE_BLOCK(S)
CIRNO SUCCESSFULLY PUT AN ICE_BLOCK,NOW SHE HAS 27 ICE_BLOCK(S)
CIRNO SUCCESSFULLY PUT AN ICE_BLOCK,NOW SHE HAS 26 ICE_BLOCK(S)
CIRNO SUCCESSFULLY PUT AN ICE_BLOCK,NOW SHE HAS 25 ICE_BLOCK(S)
CIRNO SUCCESSFULLY PUT AN ICE_BLOCK,NOW SHE HAS 24 ICE_BLOCK(S)
CIRNO SUCCESSFULLY PUT AN ICE_BLOCK,NOW SHE HAS 23 ICE_BLOCK(S)
CIRNO SUCCESSFULLY PUT AN ICE_BLOCK,NOW SHE HAS 22 ICE_BLOCK(S)
CIRNO SUCCESSFULLY PUT AN ICE_BLOCK,NOW SHE HAS 21 ICE_BLOCK(S)
CIRNO SUCCESSFULLY PUT AN ICE_BLOCK,NOW SHE HAS 20 ICE_BLOCK(S)
CIRNO SUCCESSFULLY PUT AN ICE_BLOCK,NOW SHE HAS 19 ICE_BLOCK(S)
CIRNO SUCCESSFULLY PUT AN ICE_BLOCK,NOW SHE HAS 18 ICE_BLOCK(S)
CIRNO SUCCESSFULLY PUT AN ICE_BLOCK,NOW SHE HAS 17 ICE_BLOCK(S)
CIRNO SUCCESSFULLY PUT AN ICE_BLOCK,NOW SHE HAS 16 ICE_BLOCK(S)
CIRNO SUCCESSFULLY PUT AN ICE_BLOCK,NOW SHE HAS 15 ICE_BLOCK(S)
CIRNO SUCCESSFULLY PUT AN ICE_BLOCK,NOW SHE HAS 14 ICE_BLOCK(S)
CIRNO SUCCESSFULLY PUT AN ICE_BLOCK,NOW SHE HAS 13 ICE_BLOCK(S)
SORRY CIRNO,NOT ENOUGH ICE_BLOCK(S) TO MAKE ROOF
